{"C:\\Users\\admin\\Desktop\\DEV\\potion\\src\\dom.js": {"path":"C:\\Users\\admin\\Desktop\\DEV\\potion\\src\\dom.js","all":false,"statementMap":{"0":{"start":{"line":1,"column":0},"end":{"line":1,"column":3}},"1":{"start":{"line":2,"column":0},"end":{"line":2,"column":14}},"2":{"start":{"line":3,"column":0},"end":{"line":3,"column":3}},"3":{"start":{"line":4,"column":0},"end":{"line":4,"column":0}},"4":{"start":{"line":5,"column":0},"end":{"line":5,"column":3}},"5":{"start":{"line":6,"column":0},"end":{"line":6,"column":65}},"6":{"start":{"line":7,"column":0},"end":{"line":7,"column":49}},"7":{"start":{"line":8,"column":0},"end":{"line":8,"column":52}},"8":{"start":{"line":9,"column":0},"end":{"line":9,"column":53}},"9":{"start":{"line":10,"column":0},"end":{"line":10,"column":3}},"10":{"start":{"line":11,"column":0},"end":{"line":11,"column":47}},"11":{"start":{"line":12,"column":0},"end":{"line":12,"column":20}},"12":{"start":{"line":13,"column":0},"end":{"line":13,"column":71}},"13":{"start":{"line":14,"column":0},"end":{"line":14,"column":60}},"14":{"start":{"line":15,"column":0},"end":{"line":15,"column":48}},"15":{"start":{"line":16,"column":0},"end":{"line":16,"column":22}},"16":{"start":{"line":17,"column":0},"end":{"line":17,"column":31}},"17":{"start":{"line":18,"column":0},"end":{"line":18,"column":39}},"18":{"start":{"line":19,"column":0},"end":{"line":19,"column":9}},"19":{"start":{"line":20,"column":0},"end":{"line":20,"column":7}},"20":{"start":{"line":21,"column":0},"end":{"line":21,"column":53}},"21":{"start":{"line":22,"column":0},"end":{"line":22,"column":1}},"22":{"start":{"line":23,"column":0},"end":{"line":23,"column":0}},"23":{"start":{"line":24,"column":0},"end":{"line":24,"column":3}},"24":{"start":{"line":25,"column":0},"end":{"line":25,"column":82}},"25":{"start":{"line":26,"column":0},"end":{"line":26,"column":2}},"26":{"start":{"line":27,"column":0},"end":{"line":27,"column":54}},"27":{"start":{"line":28,"column":0},"end":{"line":28,"column":48}},"28":{"start":{"line":29,"column":0},"end":{"line":29,"column":3}},"29":{"start":{"line":30,"column":0},"end":{"line":30,"column":38}},"30":{"start":{"line":31,"column":0},"end":{"line":31,"column":8}},"31":{"start":{"line":32,"column":0},"end":{"line":32,"column":48}},"32":{"start":{"line":33,"column":0},"end":{"line":33,"column":45}},"33":{"start":{"line":34,"column":0},"end":{"line":34,"column":7}},"34":{"start":{"line":35,"column":0},"end":{"line":35,"column":74}},"35":{"start":{"line":36,"column":0},"end":{"line":36,"column":15}},"36":{"start":{"line":37,"column":0},"end":{"line":37,"column":5}},"37":{"start":{"line":38,"column":0},"end":{"line":38,"column":46}},"38":{"start":{"line":39,"column":0},"end":{"line":39,"column":58}},"39":{"start":{"line":40,"column":0},"end":{"line":40,"column":54}},"40":{"start":{"line":41,"column":0},"end":{"line":41,"column":9}},"41":{"start":{"line":42,"column":0},"end":{"line":42,"column":15}},"42":{"start":{"line":43,"column":0},"end":{"line":43,"column":5}},"43":{"start":{"line":44,"column":0},"end":{"line":44,"column":49}},"44":{"start":{"line":45,"column":0},"end":{"line":45,"column":58}},"45":{"start":{"line":46,"column":0},"end":{"line":46,"column":79}},"46":{"start":{"line":47,"column":0},"end":{"line":47,"column":65}},"47":{"start":{"line":48,"column":0},"end":{"line":48,"column":60}},"48":{"start":{"line":49,"column":0},"end":{"line":49,"column":13}},"49":{"start":{"line":50,"column":0},"end":{"line":50,"column":11}},"50":{"start":{"line":51,"column":0},"end":{"line":51,"column":58}},"51":{"start":{"line":52,"column":0},"end":{"line":52,"column":79}},"52":{"start":{"line":53,"column":0},"end":{"line":53,"column":51}},"53":{"start":{"line":54,"column":0},"end":{"line":54,"column":51}},"54":{"start":{"line":55,"column":0},"end":{"line":55,"column":13}},"55":{"start":{"line":56,"column":0},"end":{"line":56,"column":11}},"56":{"start":{"line":57,"column":0},"end":{"line":57,"column":59}},"57":{"start":{"line":58,"column":0},"end":{"line":58,"column":59}},"58":{"start":{"line":59,"column":0},"end":{"line":59,"column":69}},"59":{"start":{"line":60,"column":0},"end":{"line":60,"column":39}},"60":{"start":{"line":61,"column":0},"end":{"line":61,"column":42}},"61":{"start":{"line":62,"column":0},"end":{"line":62,"column":68}},"62":{"start":{"line":63,"column":0},"end":{"line":63,"column":49}},"63":{"start":{"line":64,"column":0},"end":{"line":64,"column":52}},"64":{"start":{"line":65,"column":0},"end":{"line":65,"column":20}},"65":{"start":{"line":66,"column":0},"end":{"line":66,"column":58}},"66":{"start":{"line":67,"column":0},"end":{"line":67,"column":13}},"67":{"start":{"line":68,"column":0},"end":{"line":68,"column":9}},"68":{"start":{"line":69,"column":0},"end":{"line":69,"column":5}},"69":{"start":{"line":70,"column":0},"end":{"line":70,"column":1}},"70":{"start":{"line":71,"column":0},"end":{"line":71,"column":0}},"71":{"start":{"line":72,"column":0},"end":{"line":72,"column":3}},"72":{"start":{"line":73,"column":0},"end":{"line":73,"column":68}},"73":{"start":{"line":74,"column":0},"end":{"line":74,"column":2}},"74":{"start":{"line":75,"column":0},"end":{"line":75,"column":66}},"75":{"start":{"line":76,"column":0},"end":{"line":76,"column":50}},"76":{"start":{"line":77,"column":0},"end":{"line":77,"column":3}},"77":{"start":{"line":78,"column":0},"end":{"line":78,"column":54}},"78":{"start":{"line":79,"column":0},"end":{"line":79,"column":59}},"79":{"start":{"line":80,"column":0},"end":{"line":80,"column":0}},"80":{"start":{"line":81,"column":0},"end":{"line":81,"column":35}},"81":{"start":{"line":82,"column":0},"end":{"line":82,"column":42}},"82":{"start":{"line":83,"column":0},"end":{"line":83,"column":46}},"83":{"start":{"line":84,"column":0},"end":{"line":84,"column":19}},"84":{"start":{"line":85,"column":0},"end":{"line":85,"column":6}},"85":{"start":{"line":86,"column":0},"end":{"line":86,"column":48}},"86":{"start":{"line":87,"column":0},"end":{"line":87,"column":0}},"87":{"start":{"line":88,"column":0},"end":{"line":88,"column":51}},"88":{"start":{"line":89,"column":0},"end":{"line":89,"column":56}},"89":{"start":{"line":90,"column":0},"end":{"line":90,"column":57}},"90":{"start":{"line":91,"column":0},"end":{"line":91,"column":7}},"91":{"start":{"line":92,"column":0},"end":{"line":92,"column":0}},"92":{"start":{"line":93,"column":0},"end":{"line":93,"column":46}},"93":{"start":{"line":94,"column":0},"end":{"line":94,"column":1}}},"s":{"0":1,"1":1,"2":1,"3":1,"4":1,"5":1,"6":1,"7":1,"8":1,"9":1,"10":1,"11":0,"12":0,"13":0,"14":0,"15":0,"16":0,"17":0,"18":0,"19":0,"20":0,"21":0,"22":1,"23":1,"24":1,"25":1,"26":1,"27":1,"28":1,"29":0,"30":0,"31":0,"32":0,"33":0,"34":0,"35":0,"36":0,"37":0,"38":0,"39":0,"40":0,"41":0,"42":0,"43":0,"44":0,"45":0,"46":0,"47":0,"48":0,"49":0,"50":0,"51":0,"52":0,"53":0,"54":0,"55":0,"56":0,"57":0,"58":0,"59":0,"60":0,"61":0,"62":0,"63":0,"64":0,"65":0,"66":0,"67":0,"68":0,"69":0,"70":1,"71":1,"72":1,"73":1,"74":1,"75":1,"76":1,"77":1,"78":0,"79":0,"80":0,"81":0,"82":0,"83":0,"84":0,"85":0,"86":0,"87":0,"88":0,"89":0,"90":0,"91":0,"92":0,"93":0},"branchMap":{},"b":{},"fnMap":{"0":{"name":"registerRefs","decl":{"start":{"line":11,"column":7},"end":{"line":22,"column":1}},"loc":{"start":{"line":11,"column":7},"end":{"line":22,"column":1}},"line":11},"1":{"name":"diffNodes","decl":{"start":{"line":30,"column":0},"end":{"line":70,"column":1}},"loc":{"start":{"line":30,"column":0},"end":{"line":70,"column":1}},"line":30},"2":{"name":"updateDOM","decl":{"start":{"line":78,"column":7},"end":{"line":94,"column":1}},"loc":{"start":{"line":78,"column":7},"end":{"line":94,"column":1}},"line":78}},"f":{"0":0,"1":0,"2":0}}
,"C:\\Users\\admin\\Desktop\\DEV\\potion\\src\\events.js": {"path":"C:\\Users\\admin\\Desktop\\DEV\\potion\\src\\events.js","all":false,"statementMap":{"0":{"start":{"line":1,"column":0},"end":{"line":1,"column":3}},"1":{"start":{"line":2,"column":0},"end":{"line":2,"column":17}},"2":{"start":{"line":3,"column":0},"end":{"line":3,"column":3}},"3":{"start":{"line":4,"column":0},"end":{"line":4,"column":0}},"4":{"start":{"line":5,"column":0},"end":{"line":5,"column":47}},"5":{"start":{"line":6,"column":0},"end":{"line":6,"column":0}},"6":{"start":{"line":7,"column":0},"end":{"line":7,"column":3}},"7":{"start":{"line":8,"column":0},"end":{"line":8,"column":70}},"8":{"start":{"line":9,"column":0},"end":{"line":9,"column":2}},"9":{"start":{"line":10,"column":0},"end":{"line":10,"column":76}},"10":{"start":{"line":11,"column":0},"end":{"line":11,"column":61}},"11":{"start":{"line":12,"column":0},"end":{"line":12,"column":61}},"12":{"start":{"line":13,"column":0},"end":{"line":13,"column":3}},"13":{"start":{"line":14,"column":0},"end":{"line":14,"column":55}},"14":{"start":{"line":15,"column":0},"end":{"line":15,"column":21}},"15":{"start":{"line":16,"column":0},"end":{"line":16,"column":40}},"16":{"start":{"line":17,"column":0},"end":{"line":17,"column":55}},"17":{"start":{"line":18,"column":0},"end":{"line":18,"column":18}},"18":{"start":{"line":19,"column":0},"end":{"line":19,"column":54}},"19":{"start":{"line":20,"column":0},"end":{"line":20,"column":40}},"20":{"start":{"line":21,"column":0},"end":{"line":21,"column":31}},"21":{"start":{"line":22,"column":0},"end":{"line":22,"column":13}},"22":{"start":{"line":23,"column":0},"end":{"line":23,"column":9}},"23":{"start":{"line":24,"column":0},"end":{"line":24,"column":30}},"24":{"start":{"line":25,"column":0},"end":{"line":25,"column":5}},"25":{"start":{"line":26,"column":0},"end":{"line":26,"column":23}},"26":{"start":{"line":27,"column":0},"end":{"line":27,"column":1}},"27":{"start":{"line":28,"column":0},"end":{"line":28,"column":0}},"28":{"start":{"line":29,"column":0},"end":{"line":29,"column":3}},"29":{"start":{"line":30,"column":0},"end":{"line":30,"column":46}},"30":{"start":{"line":31,"column":0},"end":{"line":31,"column":2}},"31":{"start":{"line":32,"column":0},"end":{"line":32,"column":55}},"32":{"start":{"line":33,"column":0},"end":{"line":33,"column":66}},"33":{"start":{"line":34,"column":0},"end":{"line":34,"column":34}},"34":{"start":{"line":35,"column":0},"end":{"line":35,"column":3}},"35":{"start":{"line":36,"column":0},"end":{"line":36,"column":43}},"36":{"start":{"line":37,"column":0},"end":{"line":37,"column":36}},"37":{"start":{"line":38,"column":0},"end":{"line":38,"column":38}},"38":{"start":{"line":39,"column":0},"end":{"line":39,"column":40}},"39":{"start":{"line":40,"column":0},"end":{"line":40,"column":46}},"40":{"start":{"line":41,"column":0},"end":{"line":41,"column":47}},"41":{"start":{"line":42,"column":0},"end":{"line":42,"column":1}},"42":{"start":{"line":43,"column":0},"end":{"line":43,"column":0}},"43":{"start":{"line":44,"column":0},"end":{"line":44,"column":3}},"44":{"start":{"line":45,"column":0},"end":{"line":45,"column":69}},"45":{"start":{"line":46,"column":0},"end":{"line":46,"column":2}},"46":{"start":{"line":47,"column":0},"end":{"line":47,"column":71}},"47":{"start":{"line":48,"column":0},"end":{"line":48,"column":50}},"48":{"start":{"line":49,"column":0},"end":{"line":49,"column":3}},"49":{"start":{"line":50,"column":0},"end":{"line":50,"column":43}},"50":{"start":{"line":51,"column":0},"end":{"line":51,"column":27}},"51":{"start":{"line":52,"column":0},"end":{"line":52,"column":52}},"52":{"start":{"line":53,"column":0},"end":{"line":53,"column":28}},"53":{"start":{"line":54,"column":0},"end":{"line":54,"column":56}},"54":{"start":{"line":55,"column":0},"end":{"line":55,"column":39}},"55":{"start":{"line":56,"column":0},"end":{"line":56,"column":45}},"56":{"start":{"line":57,"column":0},"end":{"line":57,"column":49}},"57":{"start":{"line":58,"column":0},"end":{"line":58,"column":50}},"58":{"start":{"line":59,"column":0},"end":{"line":59,"column":25}},"59":{"start":{"line":60,"column":0},"end":{"line":60,"column":29}},"60":{"start":{"line":61,"column":0},"end":{"line":61,"column":80}},"61":{"start":{"line":62,"column":0},"end":{"line":62,"column":30}},"62":{"start":{"line":63,"column":0},"end":{"line":63,"column":18}},"63":{"start":{"line":64,"column":0},"end":{"line":64,"column":23}},"64":{"start":{"line":65,"column":0},"end":{"line":65,"column":13}},"65":{"start":{"line":66,"column":0},"end":{"line":66,"column":36}},"66":{"start":{"line":67,"column":0},"end":{"line":67,"column":43}},"67":{"start":{"line":68,"column":0},"end":{"line":68,"column":61}},"68":{"start":{"line":69,"column":0},"end":{"line":69,"column":32}},"69":{"start":{"line":70,"column":0},"end":{"line":70,"column":25}},"70":{"start":{"line":71,"column":0},"end":{"line":71,"column":33}},"71":{"start":{"line":72,"column":0},"end":{"line":72,"column":74}},"72":{"start":{"line":73,"column":0},"end":{"line":73,"column":21}},"73":{"start":{"line":74,"column":0},"end":{"line":74,"column":28}},"74":{"start":{"line":75,"column":0},"end":{"line":75,"column":55}},"75":{"start":{"line":76,"column":0},"end":{"line":76,"column":39}},"76":{"start":{"line":77,"column":0},"end":{"line":77,"column":56}},"77":{"start":{"line":78,"column":0},"end":{"line":78,"column":34}},"78":{"start":{"line":79,"column":0},"end":{"line":79,"column":27}},"79":{"start":{"line":80,"column":0},"end":{"line":80,"column":49}},"80":{"start":{"line":81,"column":0},"end":{"line":81,"column":44}},"81":{"start":{"line":82,"column":0},"end":{"line":82,"column":30}},"82":{"start":{"line":83,"column":0},"end":{"line":83,"column":53}},"83":{"start":{"line":84,"column":0},"end":{"line":84,"column":18}},"84":{"start":{"line":85,"column":0},"end":{"line":85,"column":44}},"85":{"start":{"line":86,"column":0},"end":{"line":86,"column":24}},"86":{"start":{"line":87,"column":0},"end":{"line":87,"column":53}},"87":{"start":{"line":88,"column":0},"end":{"line":88,"column":60}},"88":{"start":{"line":89,"column":0},"end":{"line":89,"column":21}},"89":{"start":{"line":90,"column":0},"end":{"line":90,"column":31}},"90":{"start":{"line":91,"column":0},"end":{"line":91,"column":78}},"91":{"start":{"line":92,"column":0},"end":{"line":92,"column":76}},"92":{"start":{"line":93,"column":0},"end":{"line":93,"column":24}},"93":{"start":{"line":94,"column":0},"end":{"line":94,"column":62}},"94":{"start":{"line":95,"column":0},"end":{"line":95,"column":54}},"95":{"start":{"line":96,"column":0},"end":{"line":96,"column":21}},"96":{"start":{"line":97,"column":0},"end":{"line":97,"column":57}},"97":{"start":{"line":98,"column":0},"end":{"line":98,"column":76}},"98":{"start":{"line":99,"column":0},"end":{"line":99,"column":62}},"99":{"start":{"line":100,"column":0},"end":{"line":100,"column":0}},"100":{"start":{"line":101,"column":0},"end":{"line":101,"column":59}},"101":{"start":{"line":102,"column":0},"end":{"line":102,"column":18}},"102":{"start":{"line":103,"column":0},"end":{"line":103,"column":40}},"103":{"start":{"line":104,"column":0},"end":{"line":104,"column":44}},"104":{"start":{"line":105,"column":0},"end":{"line":105,"column":41}},"105":{"start":{"line":106,"column":0},"end":{"line":106,"column":18}},"106":{"start":{"line":107,"column":0},"end":{"line":107,"column":35}},"107":{"start":{"line":108,"column":0},"end":{"line":108,"column":74}},"108":{"start":{"line":109,"column":0},"end":{"line":109,"column":68}},"109":{"start":{"line":110,"column":0},"end":{"line":110,"column":74}},"110":{"start":{"line":111,"column":0},"end":{"line":111,"column":70}},"111":{"start":{"line":112,"column":0},"end":{"line":112,"column":20}},"112":{"start":{"line":113,"column":0},"end":{"line":113,"column":29}},"113":{"start":{"line":114,"column":0},"end":{"line":114,"column":86}},"114":{"start":{"line":115,"column":0},"end":{"line":115,"column":18}},"115":{"start":{"line":116,"column":0},"end":{"line":116,"column":13}},"116":{"start":{"line":117,"column":0},"end":{"line":117,"column":47}},"117":{"start":{"line":118,"column":0},"end":{"line":118,"column":11}},"118":{"start":{"line":119,"column":0},"end":{"line":119,"column":1}}},"s":{"0":1,"1":1,"2":1,"3":1,"4":1,"5":1,"6":1,"7":1,"8":1,"9":1,"10":1,"11":1,"12":1,"13":1,"14":0,"15":0,"16":0,"17":0,"18":0,"19":0,"20":0,"21":0,"22":0,"23":0,"24":0,"25":0,"26":0,"27":1,"28":1,"29":1,"30":1,"31":1,"32":1,"33":1,"34":1,"35":1,"36":0,"37":0,"38":0,"39":0,"40":0,"41":0,"42":1,"43":1,"44":1,"45":1,"46":1,"47":1,"48":1,"49":1,"50":0,"51":0,"52":0,"53":0,"54":0,"55":0,"56":0,"57":0,"58":0,"59":0,"60":0,"61":0,"62":0,"63":0,"64":0,"65":0,"66":0,"67":0,"68":0,"69":0,"70":0,"71":0,"72":0,"73":0,"74":0,"75":0,"76":0,"77":0,"78":0,"79":0,"80":0,"81":0,"82":0,"83":0,"84":0,"85":0,"86":0,"87":0,"88":0,"89":0,"90":0,"91":0,"92":0,"93":0,"94":0,"95":0,"96":0,"97":0,"98":0,"99":0,"100":0,"101":0,"102":0,"103":0,"104":0,"105":0,"106":0,"107":0,"108":0,"109":0,"110":0,"111":0,"112":0,"113":0,"114":0,"115":0,"116":0,"117":0,"118":0},"branchMap":{},"b":{},"fnMap":{"0":{"name":"getLocalContext","decl":{"start":{"line":14,"column":7},"end":{"line":27,"column":1}},"loc":{"start":{"line":14,"column":7},"end":{"line":27,"column":1}},"line":14},"1":{"name":"parseEventArgs","decl":{"start":{"line":36,"column":7},"end":{"line":42,"column":1}},"loc":{"start":{"line":36,"column":7},"end":{"line":42,"column":1}},"line":36},"2":{"name":"bindEvents","decl":{"start":{"line":50,"column":7},"end":{"line":119,"column":1}},"loc":{"start":{"line":50,"column":7},"end":{"line":119,"column":1}},"line":50}},"f":{"0":0,"1":0,"2":0}}
,"C:\\Users\\admin\\Desktop\\DEV\\potion\\src\\filters.js": {"path":"C:\\Users\\admin\\Desktop\\DEV\\potion\\src\\filters.js","all":false,"statementMap":{"0":{"start":{"line":1,"column":0},"end":{"line":1,"column":3}},"1":{"start":{"line":2,"column":0},"end":{"line":2,"column":18}},"2":{"start":{"line":3,"column":0},"end":{"line":3,"column":3}},"3":{"start":{"line":4,"column":0},"end":{"line":4,"column":0}},"4":{"start":{"line":5,"column":0},"end":{"line":5,"column":19}},"5":{"start":{"line":6,"column":0},"end":{"line":6,"column":0}},"6":{"start":{"line":7,"column":0},"end":{"line":7,"column":3}},"7":{"start":{"line":8,"column":0},"end":{"line":8,"column":52}},"8":{"start":{"line":9,"column":0},"end":{"line":9,"column":2}},"9":{"start":{"line":10,"column":0},"end":{"line":10,"column":43}},"10":{"start":{"line":11,"column":0},"end":{"line":11,"column":48}},"11":{"start":{"line":12,"column":0},"end":{"line":12,"column":58}},"12":{"start":{"line":13,"column":0},"end":{"line":13,"column":86}},"13":{"start":{"line":14,"column":0},"end":{"line":14,"column":3}},"14":{"start":{"line":15,"column":0},"end":{"line":15,"column":51}},"15":{"start":{"line":16,"column":0},"end":{"line":16,"column":63}},"16":{"start":{"line":17,"column":0},"end":{"line":17,"column":28}},"17":{"start":{"line":18,"column":0},"end":{"line":18,"column":85}},"18":{"start":{"line":19,"column":0},"end":{"line":19,"column":10}},"19":{"start":{"line":20,"column":0},"end":{"line":20,"column":5}},"20":{"start":{"line":21,"column":0},"end":{"line":21,"column":40}},"21":{"start":{"line":22,"column":0},"end":{"line":22,"column":39}},"22":{"start":{"line":23,"column":0},"end":{"line":23,"column":46}},"23":{"start":{"line":24,"column":0},"end":{"line":24,"column":1}},"24":{"start":{"line":25,"column":0},"end":{"line":25,"column":0}},"25":{"start":{"line":26,"column":0},"end":{"line":26,"column":3}},"26":{"start":{"line":27,"column":0},"end":{"line":27,"column":43}},"27":{"start":{"line":28,"column":0},"end":{"line":28,"column":2}},"28":{"start":{"line":29,"column":0},"end":{"line":29,"column":43}},"29":{"start":{"line":30,"column":0},"end":{"line":30,"column":43}},"30":{"start":{"line":31,"column":0},"end":{"line":31,"column":62}},"31":{"start":{"line":32,"column":0},"end":{"line":32,"column":58}},"32":{"start":{"line":33,"column":0},"end":{"line":33,"column":3}},"33":{"start":{"line":34,"column":0},"end":{"line":34,"column":53}},"34":{"start":{"line":35,"column":0},"end":{"line":35,"column":31}},"35":{"start":{"line":36,"column":0},"end":{"line":36,"column":59}},"36":{"start":{"line":37,"column":0},"end":{"line":37,"column":29}},"37":{"start":{"line":38,"column":0},"end":{"line":38,"column":35}},"38":{"start":{"line":39,"column":0},"end":{"line":39,"column":26}},"39":{"start":{"line":40,"column":0},"end":{"line":40,"column":9}},"40":{"start":{"line":41,"column":0},"end":{"line":41,"column":48}},"41":{"start":{"line":42,"column":0},"end":{"line":42,"column":60}},"42":{"start":{"line":43,"column":0},"end":{"line":43,"column":16}},"43":{"start":{"line":44,"column":0},"end":{"line":44,"column":1}},"44":{"start":{"line":45,"column":0},"end":{"line":45,"column":0}},"45":{"start":{"line":46,"column":0},"end":{"line":46,"column":52}},"46":{"start":{"line":47,"column":0},"end":{"line":47,"column":42}},"47":{"start":{"line":48,"column":0},"end":{"line":48,"column":34}},"48":{"start":{"line":49,"column":0},"end":{"line":49,"column":26}},"49":{"start":{"line":50,"column":0},"end":{"line":50,"column":43}},"50":{"start":{"line":51,"column":0},"end":{"line":51,"column":73}},"51":{"start":{"line":52,"column":0},"end":{"line":52,"column":22}},"52":{"start":{"line":53,"column":0},"end":{"line":53,"column":9}},"53":{"start":{"line":54,"column":0},"end":{"line":54,"column":41}},"54":{"start":{"line":55,"column":0},"end":{"line":55,"column":5}},"55":{"start":{"line":56,"column":0},"end":{"line":56,"column":44}},"56":{"start":{"line":57,"column":0},"end":{"line":57,"column":36}},"57":{"start":{"line":58,"column":0},"end":{"line":58,"column":5}},"58":{"start":{"line":59,"column":0},"end":{"line":59,"column":22}},"59":{"start":{"line":60,"column":0},"end":{"line":60,"column":3}},"60":{"start":{"line":61,"column":0},"end":{"line":61,"column":0}},"61":{"start":{"line":62,"column":0},"end":{"line":62,"column":3}},"62":{"start":{"line":63,"column":0},"end":{"line":63,"column":22}},"63":{"start":{"line":64,"column":0},"end":{"line":64,"column":3}},"64":{"start":{"line":65,"column":0},"end":{"line":65,"column":0}},"65":{"start":{"line":66,"column":0},"end":{"line":66,"column":33}},"66":{"start":{"line":67,"column":0},"end":{"line":67,"column":59}},"67":{"start":{"line":68,"column":0},"end":{"line":68,"column":2}},"68":{"start":{"line":69,"column":0},"end":{"line":69,"column":0}},"69":{"start":{"line":70,"column":0},"end":{"line":70,"column":33}},"70":{"start":{"line":71,"column":0},"end":{"line":71,"column":59}},"71":{"start":{"line":72,"column":0},"end":{"line":72,"column":2}},"72":{"start":{"line":73,"column":0},"end":{"line":73,"column":0}},"73":{"start":{"line":74,"column":0},"end":{"line":74,"column":34}},"74":{"start":{"line":75,"column":0},"end":{"line":75,"column":29}},"75":{"start":{"line":76,"column":0},"end":{"line":76,"column":56}},"76":{"start":{"line":77,"column":0},"end":{"line":77,"column":15}},"77":{"start":{"line":78,"column":0},"end":{"line":78,"column":2}},"78":{"start":{"line":79,"column":0},"end":{"line":79,"column":0}},"79":{"start":{"line":80,"column":0},"end":{"line":80,"column":76}},"80":{"start":{"line":81,"column":0},"end":{"line":81,"column":54}},"81":{"start":{"line":82,"column":0},"end":{"line":82,"column":43}},"82":{"start":{"line":83,"column":0},"end":{"line":83,"column":15}},"83":{"start":{"line":84,"column":0},"end":{"line":84,"column":2}},"84":{"start":{"line":85,"column":0},"end":{"line":85,"column":0}},"85":{"start":{"line":86,"column":0},"end":{"line":86,"column":28}},"86":{"start":{"line":87,"column":0},"end":{"line":87,"column":52}},"87":{"start":{"line":88,"column":0},"end":{"line":88,"column":2}},"88":{"start":{"line":89,"column":0},"end":{"line":89,"column":0}},"89":{"start":{"line":90,"column":0},"end":{"line":90,"column":30}},"90":{"start":{"line":91,"column":0},"end":{"line":91,"column":65}},"91":{"start":{"line":92,"column":0},"end":{"line":92,"column":2}},"92":{"start":{"line":93,"column":0},"end":{"line":93,"column":0}},"93":{"start":{"line":94,"column":0},"end":{"line":94,"column":30}},"94":{"start":{"line":95,"column":0},"end":{"line":95,"column":65}},"95":{"start":{"line":96,"column":0},"end":{"line":96,"column":2}},"96":{"start":{"line":97,"column":0},"end":{"line":97,"column":0}},"97":{"start":{"line":98,"column":0},"end":{"line":98,"column":54}},"98":{"start":{"line":99,"column":0},"end":{"line":99,"column":54}},"99":{"start":{"line":100,"column":0},"end":{"line":100,"column":2}},"100":{"start":{"line":101,"column":0},"end":{"line":101,"column":0}},"101":{"start":{"line":102,"column":0},"end":{"line":102,"column":61}},"102":{"start":{"line":103,"column":0},"end":{"line":103,"column":80}},"103":{"start":{"line":104,"column":0},"end":{"line":104,"column":2}},"104":{"start":{"line":105,"column":0},"end":{"line":105,"column":0}},"105":{"start":{"line":106,"column":0},"end":{"line":106,"column":55}},"106":{"start":{"line":107,"column":0},"end":{"line":107,"column":54}},"107":{"start":{"line":108,"column":0},"end":{"line":108,"column":2}},"108":{"start":{"line":109,"column":0},"end":{"line":109,"column":0}},"109":{"start":{"line":110,"column":0},"end":{"line":110,"column":57}},"110":{"start":{"line":111,"column":0},"end":{"line":111,"column":71}},"111":{"start":{"line":112,"column":0},"end":{"line":112,"column":2}},"112":{"start":{"line":113,"column":0},"end":{"line":113,"column":0}},"113":{"start":{"line":114,"column":0},"end":{"line":114,"column":63}},"114":{"start":{"line":115,"column":0},"end":{"line":115,"column":68}},"115":{"start":{"line":116,"column":0},"end":{"line":116,"column":2}},"116":{"start":{"line":117,"column":0},"end":{"line":117,"column":0}},"117":{"start":{"line":118,"column":0},"end":{"line":118,"column":68}},"118":{"start":{"line":119,"column":0},"end":{"line":119,"column":77}},"119":{"start":{"line":120,"column":0},"end":{"line":120,"column":2}},"120":{"start":{"line":121,"column":0},"end":{"line":121,"column":0}},"121":{"start":{"line":122,"column":0},"end":{"line":122,"column":74}},"122":{"start":{"line":123,"column":0},"end":{"line":123,"column":74}},"123":{"start":{"line":124,"column":0},"end":{"line":124,"column":2}},"124":{"start":{"line":125,"column":0},"end":{"line":125,"column":0}},"125":{"start":{"line":126,"column":0},"end":{"line":126,"column":56}},"126":{"start":{"line":127,"column":0},"end":{"line":127,"column":62}},"127":{"start":{"line":128,"column":0},"end":{"line":128,"column":2}},"128":{"start":{"line":129,"column":0},"end":{"line":129,"column":0}},"129":{"start":{"line":130,"column":0},"end":{"line":130,"column":34}},"130":{"start":{"line":131,"column":0},"end":{"line":131,"column":69}},"131":{"start":{"line":132,"column":0},"end":{"line":132,"column":2}},"132":{"start":{"line":133,"column":0},"end":{"line":133,"column":0}},"133":{"start":{"line":134,"column":0},"end":{"line":134,"column":34}},"134":{"start":{"line":135,"column":0},"end":{"line":135,"column":65}},"135":{"start":{"line":136,"column":0},"end":{"line":136,"column":2}},"136":{"start":{"line":137,"column":0},"end":{"line":137,"column":0}},"137":{"start":{"line":138,"column":0},"end":{"line":138,"column":34}},"138":{"start":{"line":139,"column":0},"end":{"line":139,"column":65}},"139":{"start":{"line":140,"column":0},"end":{"line":140,"column":2}},"140":{"start":{"line":141,"column":0},"end":{"line":141,"column":0}},"141":{"start":{"line":142,"column":0},"end":{"line":142,"column":3}},"142":{"start":{"line":143,"column":0},"end":{"line":143,"column":22}},"143":{"start":{"line":144,"column":0},"end":{"line":144,"column":3}},"144":{"start":{"line":145,"column":0},"end":{"line":145,"column":0}},"145":{"start":{"line":146,"column":0},"end":{"line":146,"column":27}},"146":{"start":{"line":147,"column":0},"end":{"line":147,"column":55}},"147":{"start":{"line":148,"column":0},"end":{"line":148,"column":2}},"148":{"start":{"line":149,"column":0},"end":{"line":149,"column":0}},"149":{"start":{"line":150,"column":0},"end":{"line":150,"column":53}},"150":{"start":{"line":151,"column":0},"end":{"line":151,"column":68}},"151":{"start":{"line":152,"column":0},"end":{"line":152,"column":2}},"152":{"start":{"line":153,"column":0},"end":{"line":153,"column":0}},"153":{"start":{"line":154,"column":0},"end":{"line":154,"column":52}},"154":{"start":{"line":155,"column":0},"end":{"line":155,"column":68}},"155":{"start":{"line":156,"column":0},"end":{"line":156,"column":2}},"156":{"start":{"line":157,"column":0},"end":{"line":157,"column":0}},"157":{"start":{"line":158,"column":0},"end":{"line":158,"column":28}},"158":{"start":{"line":159,"column":0},"end":{"line":159,"column":56}},"159":{"start":{"line":160,"column":0},"end":{"line":160,"column":2}},"160":{"start":{"line":161,"column":0},"end":{"line":161,"column":0}},"161":{"start":{"line":162,"column":0},"end":{"line":162,"column":29}},"162":{"start":{"line":163,"column":0},"end":{"line":163,"column":57}},"163":{"start":{"line":164,"column":0},"end":{"line":164,"column":2}},"164":{"start":{"line":165,"column":0},"end":{"line":165,"column":0}},"165":{"start":{"line":166,"column":0},"end":{"line":166,"column":59}},"166":{"start":{"line":167,"column":0},"end":{"line":167,"column":62}},"167":{"start":{"line":168,"column":0},"end":{"line":168,"column":33}},"168":{"start":{"line":169,"column":0},"end":{"line":169,"column":15}},"169":{"start":{"line":170,"column":0},"end":{"line":170,"column":2}},"170":{"start":{"line":171,"column":0},"end":{"line":171,"column":0}},"171":{"start":{"line":172,"column":0},"end":{"line":172,"column":53}},"172":{"start":{"line":173,"column":0},"end":{"line":173,"column":62}},"173":{"start":{"line":174,"column":0},"end":{"line":174,"column":2}},"174":{"start":{"line":175,"column":0},"end":{"line":175,"column":0}},"175":{"start":{"line":176,"column":0},"end":{"line":176,"column":55}},"176":{"start":{"line":177,"column":0},"end":{"line":177,"column":54}},"177":{"start":{"line":178,"column":0},"end":{"line":178,"column":33}},"178":{"start":{"line":179,"column":0},"end":{"line":179,"column":15}},"179":{"start":{"line":180,"column":0},"end":{"line":180,"column":2}},"180":{"start":{"line":181,"column":0},"end":{"line":181,"column":0}},"181":{"start":{"line":182,"column":0},"end":{"line":182,"column":52}},"182":{"start":{"line":183,"column":0},"end":{"line":183,"column":62}},"183":{"start":{"line":184,"column":0},"end":{"line":184,"column":2}},"184":{"start":{"line":185,"column":0},"end":{"line":185,"column":0}},"185":{"start":{"line":186,"column":0},"end":{"line":186,"column":58}},"186":{"start":{"line":187,"column":0},"end":{"line":187,"column":36}},"187":{"start":{"line":188,"column":0},"end":{"line":188,"column":43}},"188":{"start":{"line":189,"column":0},"end":{"line":189,"column":47}},"189":{"start":{"line":190,"column":0},"end":{"line":190,"column":51}},"190":{"start":{"line":191,"column":0},"end":{"line":191,"column":5}},"191":{"start":{"line":192,"column":0},"end":{"line":192,"column":17}},"192":{"start":{"line":193,"column":0},"end":{"line":193,"column":3}},"193":{"start":{"line":194,"column":0},"end":{"line":194,"column":57}},"194":{"start":{"line":195,"column":0},"end":{"line":195,"column":66}},"195":{"start":{"line":196,"column":0},"end":{"line":196,"column":2}},"196":{"start":{"line":197,"column":0},"end":{"line":197,"column":0}},"197":{"start":{"line":198,"column":0},"end":{"line":198,"column":30}},"198":{"start":{"line":199,"column":0},"end":{"line":199,"column":29}},"199":{"start":{"line":200,"column":0},"end":{"line":200,"column":15}},"200":{"start":{"line":201,"column":0},"end":{"line":201,"column":37}},"201":{"start":{"line":202,"column":0},"end":{"line":202,"column":36}},"202":{"start":{"line":203,"column":0},"end":{"line":203,"column":36}},"203":{"start":{"line":204,"column":0},"end":{"line":204,"column":38}},"204":{"start":{"line":205,"column":0},"end":{"line":205,"column":37}},"205":{"start":{"line":206,"column":0},"end":{"line":206,"column":15}},"206":{"start":{"line":207,"column":0},"end":{"line":207,"column":2}},"207":{"start":{"line":208,"column":0},"end":{"line":208,"column":0}},"208":{"start":{"line":209,"column":0},"end":{"line":209,"column":30}},"209":{"start":{"line":210,"column":0},"end":{"line":210,"column":50}},"210":{"start":{"line":211,"column":0},"end":{"line":211,"column":55}},"211":{"start":{"line":212,"column":0},"end":{"line":212,"column":52}},"212":{"start":{"line":213,"column":0},"end":{"line":213,"column":41}},"213":{"start":{"line":214,"column":0},"end":{"line":214,"column":13}},"214":{"start":{"line":215,"column":0},"end":{"line":215,"column":3}},"215":{"start":{"line":216,"column":0},"end":{"line":216,"column":0}},"216":{"start":{"line":217,"column":0},"end":{"line":217,"column":3}},"217":{"start":{"line":218,"column":0},"end":{"line":218,"column":24}},"218":{"start":{"line":219,"column":0},"end":{"line":219,"column":3}},"219":{"start":{"line":220,"column":0},"end":{"line":220,"column":31}},"220":{"start":{"line":221,"column":0},"end":{"line":221,"column":24}},"221":{"start":{"line":222,"column":0},"end":{"line":222,"column":69}},"222":{"start":{"line":223,"column":0},"end":{"line":223,"column":15}},"223":{"start":{"line":224,"column":0},"end":{"line":224,"column":2}},"224":{"start":{"line":225,"column":0},"end":{"line":225,"column":31}},"225":{"start":{"line":226,"column":0},"end":{"line":226,"column":46}},"226":{"start":{"line":227,"column":0},"end":{"line":227,"column":58}},"227":{"start":{"line":228,"column":0},"end":{"line":228,"column":17}},"228":{"start":{"line":229,"column":0},"end":{"line":229,"column":3}},"229":{"start":{"line":230,"column":0},"end":{"line":230,"column":30}},"230":{"start":{"line":231,"column":0},"end":{"line":231,"column":61}},"231":{"start":{"line":232,"column":0},"end":{"line":232,"column":73}},"232":{"start":{"line":233,"column":0},"end":{"line":233,"column":17}},"233":{"start":{"line":234,"column":0},"end":{"line":234,"column":3}},"234":{"start":{"line":235,"column":0},"end":{"line":235,"column":55}},"235":{"start":{"line":236,"column":0},"end":{"line":236,"column":62}},"236":{"start":{"line":237,"column":0},"end":{"line":237,"column":2}},"237":{"start":{"line":238,"column":0},"end":{"line":238,"column":53}},"238":{"start":{"line":239,"column":0},"end":{"line":239,"column":70}},"239":{"start":{"line":240,"column":0},"end":{"line":240,"column":2}},"240":{"start":{"line":241,"column":0},"end":{"line":241,"column":33}},"241":{"start":{"line":242,"column":0},"end":{"line":242,"column":58}},"242":{"start":{"line":243,"column":0},"end":{"line":243,"column":77}},"243":{"start":{"line":244,"column":0},"end":{"line":244,"column":17}},"244":{"start":{"line":245,"column":0},"end":{"line":245,"column":3}},"245":{"start":{"line":246,"column":0},"end":{"line":246,"column":62}},"246":{"start":{"line":247,"column":0},"end":{"line":247,"column":34}},"247":{"start":{"line":248,"column":0},"end":{"line":248,"column":62}},"248":{"start":{"line":249,"column":0},"end":{"line":249,"column":29}},"249":{"start":{"line":250,"column":0},"end":{"line":250,"column":74}},"250":{"start":{"line":251,"column":0},"end":{"line":251,"column":17}},"251":{"start":{"line":252,"column":0},"end":{"line":252,"column":3}},"252":{"start":{"line":253,"column":0},"end":{"line":253,"column":56}},"253":{"start":{"line":254,"column":0},"end":{"line":254,"column":31}},"254":{"start":{"line":255,"column":0},"end":{"line":255,"column":23}},"255":{"start":{"line":256,"column":0},"end":{"line":256,"column":77}},"256":{"start":{"line":257,"column":0},"end":{"line":257,"column":32}},"257":{"start":{"line":258,"column":0},"end":{"line":258,"column":5}},"258":{"start":{"line":259,"column":0},"end":{"line":259,"column":17}},"259":{"start":{"line":260,"column":0},"end":{"line":260,"column":3}},"260":{"start":{"line":261,"column":0},"end":{"line":261,"column":30}},"261":{"start":{"line":262,"column":0},"end":{"line":262,"column":54}},"262":{"start":{"line":263,"column":0},"end":{"line":263,"column":2}},"263":{"start":{"line":264,"column":0},"end":{"line":264,"column":0}},"264":{"start":{"line":265,"column":0},"end":{"line":265,"column":19}}},"s":{"0":1,"1":1,"2":1,"3":1,"4":1,"5":1,"6":1,"7":1,"8":1,"9":1,"10":1,"11":1,"12":1,"13":1,"14":1,"15":41,"16":0,"17":0,"18":0,"19":0,"20":41,"21":41,"22":41,"23":41,"24":1,"25":1,"26":1,"27":1,"28":1,"29":1,"30":1,"31":1,"32":1,"33":1,"34":253,"35":253,"36":102,"37":0,"38":0,"39":0,"40":102,"41":102,"42":253,"43":253,"44":1,"45":1,"46":1,"47":53,"48":53,"49":53,"50":53,"51":0,"52":0,"53":53,"54":53,"55":53,"56":0,"57":0,"58":53,"59":1,"60":1,"61":1,"62":1,"63":1,"64":1,"65":1,"66":1,"67":1,"68":1,"69":1,"70":1,"71":1,"72":1,"73":1,"74":1,"75":1,"76":0,"77":1,"78":1,"79":1,"80":2,"81":2,"82":0,"83":1,"84":1,"85":1,"86":1,"87":1,"88":1,"89":1,"90":1,"91":1,"92":1,"93":1,"94":1,"95":1,"96":1,"97":1,"98":1,"99":1,"100":1,"101":1,"102":2,"103":1,"104":1,"105":1,"106":1,"107":1,"108":1,"109":1,"110":1,"111":1,"112":1,"113":1,"114":1,"115":1,"116":1,"117":1,"118":1,"119":1,"120":1,"121":1,"122":1,"123":1,"124":1,"125":1,"126":1,"127":1,"128":1,"129":1,"130":1,"131":1,"132":1,"133":1,"134":1,"135":1,"136":1,"137":1,"138":1,"139":1,"140":1,"141":1,"142":1,"143":1,"144":1,"145":1,"146":1,"147":1,"148":1,"149":1,"150":1,"151":1,"152":1,"153":1,"154":1,"155":1,"156":1,"157":1,"158":1,"159":1,"160":1,"161":1,"162":1,"163":1,"164":1,"165":1,"166":1,"167":1,"168":0,"169":1,"170":1,"171":1,"172":1,"173":1,"174":1,"175":1,"176":1,"177":1,"178":0,"179":1,"180":1,"181":1,"182":1,"183":1,"184":1,"185":1,"186":2,"187":2,"188":2,"189":2,"190":2,"191":0,"192":1,"193":1,"194":1,"195":1,"196":1,"197":1,"198":1,"199":1,"200":1,"201":1,"202":1,"203":1,"204":1,"205":0,"206":1,"207":1,"208":1,"209":2,"210":1,"211":2,"212":2,"213":0,"214":1,"215":1,"216":1,"217":1,"218":1,"219":1,"220":1,"221":1,"222":0,"223":1,"224":1,"225":3,"226":2,"227":0,"228":1,"229":1,"230":2,"231":1,"232":0,"233":1,"234":1,"235":1,"236":1,"237":1,"238":1,"239":1,"240":1,"241":2,"242":1,"243":0,"244":1,"245":1,"246":2,"247":2,"248":1,"249":1,"250":0,"251":1,"252":1,"253":1,"254":1,"255":0,"256":1,"257":1,"258":0,"259":1,"260":1,"261":1,"262":1,"263":1,"264":1},"branchMap":{"0":{"type":"branch","line":15,"loc":{"start":{"line":15,"column":7},"end":{"line":24,"column":1}},"locations":[{"start":{"line":15,"column":7},"end":{"line":24,"column":1}}]},"1":{"type":"branch","line":16,"loc":{"start":{"line":16,"column":62},"end":{"line":20,"column":5}},"locations":[{"start":{"line":16,"column":62},"end":{"line":20,"column":5}}]},"2":{"type":"branch","line":34,"loc":{"start":{"line":34,"column":7},"end":{"line":44,"column":1}},"locations":[{"start":{"line":34,"column":7},"end":{"line":44,"column":1}}]},"3":{"type":"branch","line":36,"loc":{"start":{"line":36,"column":25},"end":{"line":36,"column":31}},"locations":[{"start":{"line":36,"column":25},"end":{"line":36,"column":31}}]},"4":{"type":"branch","line":36,"loc":{"start":{"line":36,"column":40},"end":{"line":43,"column":5}},"locations":[{"start":{"line":36,"column":40},"end":{"line":43,"column":5}}]},"5":{"type":"branch","line":37,"loc":{"start":{"line":37,"column":28},"end":{"line":40,"column":9}},"locations":[{"start":{"line":37,"column":28},"end":{"line":40,"column":9}}]},"6":{"type":"branch","line":42,"loc":{"start":{"line":42,"column":54},"end":{"line":42,"column":59}},"locations":[{"start":{"line":42,"column":54},"end":{"line":42,"column":59}}]},"7":{"type":"branch","line":47,"loc":{"start":{"line":47,"column":19},"end":{"line":60,"column":2}},"locations":[{"start":{"line":47,"column":19},"end":{"line":60,"column":2}}]},"8":{"type":"branch","line":51,"loc":{"start":{"line":51,"column":72},"end":{"line":53,"column":9}},"locations":[{"start":{"line":51,"column":72},"end":{"line":53,"column":9}}]},"9":{"type":"branch","line":56,"loc":{"start":{"line":56,"column":43},"end":{"line":58,"column":5}},"locations":[{"start":{"line":56,"column":43},"end":{"line":58,"column":5}}]},"10":{"type":"branch","line":66,"loc":{"start":{"line":66,"column":24},"end":{"line":67,"column":59}},"locations":[{"start":{"line":66,"column":24},"end":{"line":67,"column":59}}]},"11":{"type":"branch","line":67,"loc":{"start":{"line":67,"column":51},"end":{"line":67,"column":59}},"locations":[{"start":{"line":67,"column":51},"end":{"line":67,"column":59}}]},"12":{"type":"branch","line":70,"loc":{"start":{"line":70,"column":24},"end":{"line":71,"column":59}},"locations":[{"start":{"line":70,"column":24},"end":{"line":71,"column":59}}]},"13":{"type":"branch","line":71,"loc":{"start":{"line":71,"column":51},"end":{"line":71,"column":59}},"locations":[{"start":{"line":71,"column":51},"end":{"line":71,"column":59}}]},"14":{"type":"branch","line":74,"loc":{"start":{"line":74,"column":25},"end":{"line":77,"column":15}},"locations":[{"start":{"line":74,"column":25},"end":{"line":77,"column":15}}]},"15":{"type":"branch","line":77,"loc":{"start":{"line":77,"column":-2},"end":{"line":77,"column":15}},"locations":[{"start":{"line":77,"column":-2},"end":{"line":77,"column":15}}]},"16":{"type":"branch","line":80,"loc":{"start":{"line":80,"column":22},"end":{"line":83,"column":15}},"locations":[{"start":{"line":80,"column":22},"end":{"line":83,"column":15}}]},"17":{"type":"branch","line":83,"loc":{"start":{"line":83,"column":-2},"end":{"line":83,"column":15}},"locations":[{"start":{"line":83,"column":-2},"end":{"line":83,"column":15}}]},"18":{"type":"branch","line":86,"loc":{"start":{"line":86,"column":19},"end":{"line":87,"column":52}},"locations":[{"start":{"line":86,"column":19},"end":{"line":87,"column":52}}]},"19":{"type":"branch","line":87,"loc":{"start":{"line":87,"column":44},"end":{"line":87,"column":52}},"locations":[{"start":{"line":87,"column":44},"end":{"line":87,"column":52}}]},"20":{"type":"branch","line":90,"loc":{"start":{"line":90,"column":21},"end":{"line":91,"column":65}},"locations":[{"start":{"line":90,"column":21},"end":{"line":91,"column":65}}]},"21":{"type":"branch","line":91,"loc":{"start":{"line":91,"column":57},"end":{"line":91,"column":65}},"locations":[{"start":{"line":91,"column":57},"end":{"line":91,"column":65}}]},"22":{"type":"branch","line":94,"loc":{"start":{"line":94,"column":21},"end":{"line":95,"column":65}},"locations":[{"start":{"line":94,"column":21},"end":{"line":95,"column":65}}]},"23":{"type":"branch","line":95,"loc":{"start":{"line":95,"column":57},"end":{"line":95,"column":65}},"locations":[{"start":{"line":95,"column":57},"end":{"line":95,"column":65}}]},"24":{"type":"branch","line":98,"loc":{"start":{"line":98,"column":20},"end":{"line":99,"column":54}},"locations":[{"start":{"line":98,"column":20},"end":{"line":99,"column":54}}]},"25":{"type":"branch","line":99,"loc":{"start":{"line":99,"column":46},"end":{"line":99,"column":54}},"locations":[{"start":{"line":99,"column":46},"end":{"line":99,"column":54}}]},"26":{"type":"branch","line":102,"loc":{"start":{"line":102,"column":21},"end":{"line":103,"column":80}},"locations":[{"start":{"line":102,"column":21},"end":{"line":103,"column":80}}]},"27":{"type":"branch","line":103,"loc":{"start":{"line":103,"column":57},"end":{"line":103,"column":72}},"locations":[{"start":{"line":103,"column":57},"end":{"line":103,"column":72}}]},"28":{"type":"branch","line":103,"loc":{"start":{"line":103,"column":72},"end":{"line":103,"column":80}},"locations":[{"start":{"line":103,"column":72},"end":{"line":103,"column":80}}]},"29":{"type":"branch","line":106,"loc":{"start":{"line":106,"column":21},"end":{"line":107,"column":54}},"locations":[{"start":{"line":106,"column":21},"end":{"line":107,"column":54}}]},"30":{"type":"branch","line":107,"loc":{"start":{"line":107,"column":46},"end":{"line":107,"column":54}},"locations":[{"start":{"line":107,"column":46},"end":{"line":107,"column":54}}]},"31":{"type":"branch","line":110,"loc":{"start":{"line":110,"column":20},"end":{"line":111,"column":71}},"locations":[{"start":{"line":110,"column":20},"end":{"line":111,"column":71}}]},"32":{"type":"branch","line":111,"loc":{"start":{"line":111,"column":63},"end":{"line":111,"column":71}},"locations":[{"start":{"line":111,"column":63},"end":{"line":111,"column":71}}]},"33":{"type":"branch","line":114,"loc":{"start":{"line":114,"column":26},"end":{"line":115,"column":68}},"locations":[{"start":{"line":114,"column":26},"end":{"line":115,"column":68}}]},"34":{"type":"branch","line":115,"loc":{"start":{"line":115,"column":60},"end":{"line":115,"column":68}},"locations":[{"start":{"line":115,"column":60},"end":{"line":115,"column":68}}]},"35":{"type":"branch","line":118,"loc":{"start":{"line":118,"column":21},"end":{"line":119,"column":77}},"locations":[{"start":{"line":118,"column":21},"end":{"line":119,"column":77}}]},"36":{"type":"branch","line":119,"loc":{"start":{"line":119,"column":69},"end":{"line":119,"column":77}},"locations":[{"start":{"line":119,"column":69},"end":{"line":119,"column":77}}]},"37":{"type":"branch","line":122,"loc":{"start":{"line":122,"column":27},"end":{"line":123,"column":74}},"locations":[{"start":{"line":122,"column":27},"end":{"line":123,"column":74}}]},"38":{"type":"branch","line":123,"loc":{"start":{"line":123,"column":66},"end":{"line":123,"column":74}},"locations":[{"start":{"line":123,"column":66},"end":{"line":123,"column":74}}]},"39":{"type":"branch","line":126,"loc":{"start":{"line":126,"column":19},"end":{"line":127,"column":62}},"locations":[{"start":{"line":126,"column":19},"end":{"line":127,"column":62}}]},"40":{"type":"branch","line":127,"loc":{"start":{"line":127,"column":54},"end":{"line":127,"column":62}},"locations":[{"start":{"line":127,"column":54},"end":{"line":127,"column":62}}]},"41":{"type":"branch","line":130,"loc":{"start":{"line":130,"column":25},"end":{"line":131,"column":69}},"locations":[{"start":{"line":130,"column":25},"end":{"line":131,"column":69}}]},"42":{"type":"branch","line":131,"loc":{"start":{"line":131,"column":61},"end":{"line":131,"column":69}},"locations":[{"start":{"line":131,"column":61},"end":{"line":131,"column":69}}]},"43":{"type":"branch","line":134,"loc":{"start":{"line":134,"column":25},"end":{"line":135,"column":65}},"locations":[{"start":{"line":134,"column":25},"end":{"line":135,"column":65}}]},"44":{"type":"branch","line":135,"loc":{"start":{"line":135,"column":57},"end":{"line":135,"column":65}},"locations":[{"start":{"line":135,"column":57},"end":{"line":135,"column":65}}]},"45":{"type":"branch","line":138,"loc":{"start":{"line":138,"column":25},"end":{"line":139,"column":65}},"locations":[{"start":{"line":138,"column":25},"end":{"line":139,"column":65}}]},"46":{"type":"branch","line":139,"loc":{"start":{"line":139,"column":57},"end":{"line":139,"column":65}},"locations":[{"start":{"line":139,"column":57},"end":{"line":139,"column":65}}]},"47":{"type":"branch","line":146,"loc":{"start":{"line":146,"column":18},"end":{"line":147,"column":55}},"locations":[{"start":{"line":146,"column":18},"end":{"line":147,"column":55}}]},"48":{"type":"branch","line":147,"loc":{"start":{"line":147,"column":47},"end":{"line":147,"column":55}},"locations":[{"start":{"line":147,"column":47},"end":{"line":147,"column":55}}]},"49":{"type":"branch","line":150,"loc":{"start":{"line":150,"column":22},"end":{"line":151,"column":68}},"locations":[{"start":{"line":150,"column":22},"end":{"line":151,"column":68}}]},"50":{"type":"branch","line":151,"loc":{"start":{"line":151,"column":60},"end":{"line":151,"column":68}},"locations":[{"start":{"line":151,"column":60},"end":{"line":151,"column":68}}]},"51":{"type":"branch","line":154,"loc":{"start":{"line":154,"column":21},"end":{"line":155,"column":68}},"locations":[{"start":{"line":154,"column":21},"end":{"line":155,"column":68}}]},"52":{"type":"branch","line":155,"loc":{"start":{"line":155,"column":60},"end":{"line":155,"column":68}},"locations":[{"start":{"line":155,"column":60},"end":{"line":155,"column":68}}]},"53":{"type":"branch","line":158,"loc":{"start":{"line":158,"column":19},"end":{"line":159,"column":56}},"locations":[{"start":{"line":158,"column":19},"end":{"line":159,"column":56}}]},"54":{"type":"branch","line":159,"loc":{"start":{"line":159,"column":48},"end":{"line":159,"column":56}},"locations":[{"start":{"line":159,"column":48},"end":{"line":159,"column":56}}]},"55":{"type":"branch","line":162,"loc":{"start":{"line":162,"column":20},"end":{"line":163,"column":57}},"locations":[{"start":{"line":162,"column":20},"end":{"line":163,"column":57}}]},"56":{"type":"branch","line":163,"loc":{"start":{"line":163,"column":49},"end":{"line":163,"column":57}},"locations":[{"start":{"line":163,"column":49},"end":{"line":163,"column":57}}]},"57":{"type":"branch","line":166,"loc":{"start":{"line":166,"column":24},"end":{"line":169,"column":15}},"locations":[{"start":{"line":166,"column":24},"end":{"line":169,"column":15}}]},"58":{"type":"branch","line":169,"loc":{"start":{"line":169,"column":-2},"end":{"line":169,"column":15}},"locations":[{"start":{"line":169,"column":-2},"end":{"line":169,"column":15}}]},"59":{"type":"branch","line":172,"loc":{"start":{"line":172,"column":19},"end":{"line":173,"column":62}},"locations":[{"start":{"line":172,"column":19},"end":{"line":173,"column":62}}]},"60":{"type":"branch","line":173,"loc":{"start":{"line":173,"column":54},"end":{"line":173,"column":62}},"locations":[{"start":{"line":173,"column":54},"end":{"line":173,"column":62}}]},"61":{"type":"branch","line":176,"loc":{"start":{"line":176,"column":20},"end":{"line":179,"column":15}},"locations":[{"start":{"line":176,"column":20},"end":{"line":179,"column":15}}]},"62":{"type":"branch","line":179,"loc":{"start":{"line":179,"column":-2},"end":{"line":179,"column":15}},"locations":[{"start":{"line":179,"column":-2},"end":{"line":179,"column":15}}]},"63":{"type":"branch","line":182,"loc":{"start":{"line":182,"column":18},"end":{"line":183,"column":62}},"locations":[{"start":{"line":182,"column":18},"end":{"line":183,"column":62}}]},"64":{"type":"branch","line":183,"loc":{"start":{"line":183,"column":54},"end":{"line":183,"column":62}},"locations":[{"start":{"line":183,"column":54},"end":{"line":183,"column":62}}]},"65":{"type":"branch","line":186,"loc":{"start":{"line":186,"column":19},"end":{"line":193,"column":2}},"locations":[{"start":{"line":186,"column":19},"end":{"line":193,"column":2}}]},"66":{"type":"branch","line":188,"loc":{"start":{"line":188,"column":37},"end":{"line":188,"column":42}},"locations":[{"start":{"line":188,"column":37},"end":{"line":188,"column":42}}]},"67":{"type":"branch","line":191,"loc":{"start":{"line":191,"column":4},"end":{"line":193,"column":2}},"locations":[{"start":{"line":191,"column":4},"end":{"line":193,"column":2}}]},"68":{"type":"branch","line":194,"loc":{"start":{"line":194,"column":19},"end":{"line":195,"column":66}},"locations":[{"start":{"line":194,"column":19},"end":{"line":195,"column":66}}]},"69":{"type":"branch","line":195,"loc":{"start":{"line":195,"column":58},"end":{"line":195,"column":66}},"locations":[{"start":{"line":195,"column":58},"end":{"line":195,"column":66}}]},"70":{"type":"branch","line":198,"loc":{"start":{"line":198,"column":21},"end":{"line":206,"column":15}},"locations":[{"start":{"line":198,"column":21},"end":{"line":206,"column":15}}]},"71":{"type":"branch","line":206,"loc":{"start":{"line":206,"column":-2},"end":{"line":206,"column":15}},"locations":[{"start":{"line":206,"column":-2},"end":{"line":206,"column":15}}]},"72":{"type":"branch","line":209,"loc":{"start":{"line":209,"column":19},"end":{"line":215,"column":2}},"locations":[{"start":{"line":209,"column":19},"end":{"line":215,"column":2}}]},"73":{"type":"branch","line":210,"loc":{"start":{"line":210,"column":30},"end":{"line":211,"column":55}},"locations":[{"start":{"line":210,"column":30},"end":{"line":211,"column":55}}]},"74":{"type":"branch","line":211,"loc":{"start":{"line":211,"column":54},"end":{"line":212,"column":51}},"locations":[{"start":{"line":211,"column":54},"end":{"line":212,"column":51}}]},"75":{"type":"branch","line":213,"loc":{"start":{"line":213,"column":8},"end":{"line":215,"column":2}},"locations":[{"start":{"line":213,"column":8},"end":{"line":215,"column":2}}]},"76":{"type":"branch","line":220,"loc":{"start":{"line":220,"column":22},"end":{"line":223,"column":15}},"locations":[{"start":{"line":220,"column":22},"end":{"line":223,"column":15}}]},"77":{"type":"branch","line":223,"loc":{"start":{"line":223,"column":-2},"end":{"line":223,"column":15}},"locations":[{"start":{"line":223,"column":-2},"end":{"line":223,"column":15}}]},"78":{"type":"branch","line":222,"loc":{"start":{"line":222,"column":24},"end":{"line":222,"column":68}},"locations":[{"start":{"line":222,"column":24},"end":{"line":222,"column":68}}]},"79":{"type":"branch","line":222,"loc":{"start":{"line":222,"column":46},"end":{"line":222,"column":68}},"locations":[{"start":{"line":222,"column":46},"end":{"line":222,"column":68}}]},"80":{"type":"branch","line":225,"loc":{"start":{"line":225,"column":20},"end":{"line":229,"column":2}},"locations":[{"start":{"line":225,"column":20},"end":{"line":229,"column":2}}]},"81":{"type":"branch","line":226,"loc":{"start":{"line":226,"column":30},"end":{"line":226,"column":46}},"locations":[{"start":{"line":226,"column":30},"end":{"line":226,"column":46}}]},"82":{"type":"branch","line":226,"loc":{"start":{"line":226,"column":45},"end":{"line":227,"column":58}},"locations":[{"start":{"line":226,"column":45},"end":{"line":227,"column":58}}]},"83":{"type":"branch","line":227,"loc":{"start":{"line":227,"column":57},"end":{"line":229,"column":2}},"locations":[{"start":{"line":227,"column":57},"end":{"line":229,"column":2}}]},"84":{"type":"branch","line":230,"loc":{"start":{"line":230,"column":19},"end":{"line":234,"column":2}},"locations":[{"start":{"line":230,"column":19},"end":{"line":234,"column":2}}]},"85":{"type":"branch","line":231,"loc":{"start":{"line":231,"column":30},"end":{"line":232,"column":73}},"locations":[{"start":{"line":231,"column":30},"end":{"line":232,"column":73}}]},"86":{"type":"branch","line":232,"loc":{"start":{"line":232,"column":72},"end":{"line":234,"column":2}},"locations":[{"start":{"line":232,"column":72},"end":{"line":234,"column":2}}]},"87":{"type":"branch","line":235,"loc":{"start":{"line":235,"column":18},"end":{"line":236,"column":62}},"locations":[{"start":{"line":235,"column":18},"end":{"line":236,"column":62}}]},"88":{"type":"branch","line":236,"loc":{"start":{"line":236,"column":47},"end":{"line":236,"column":53}},"locations":[{"start":{"line":236,"column":47},"end":{"line":236,"column":53}}]},"89":{"type":"branch","line":236,"loc":{"start":{"line":236,"column":54},"end":{"line":236,"column":62}},"locations":[{"start":{"line":236,"column":54},"end":{"line":236,"column":62}}]},"90":{"type":"branch","line":238,"loc":{"start":{"line":238,"column":17},"end":{"line":239,"column":70}},"locations":[{"start":{"line":238,"column":17},"end":{"line":239,"column":70}}]},"91":{"type":"branch","line":239,"loc":{"start":{"line":239,"column":62},"end":{"line":239,"column":70}},"locations":[{"start":{"line":239,"column":62},"end":{"line":239,"column":70}}]},"92":{"type":"branch","line":239,"loc":{"start":{"line":239,"column":38},"end":{"line":239,"column":61}},"locations":[{"start":{"line":239,"column":38},"end":{"line":239,"column":61}}]},"93":{"type":"branch","line":241,"loc":{"start":{"line":241,"column":22},"end":{"line":245,"column":2}},"locations":[{"start":{"line":241,"column":22},"end":{"line":245,"column":2}}]},"94":{"type":"branch","line":242,"loc":{"start":{"line":242,"column":30},"end":{"line":243,"column":77}},"locations":[{"start":{"line":242,"column":30},"end":{"line":243,"column":77}}]},"95":{"type":"branch","line":243,"loc":{"start":{"line":243,"column":76},"end":{"line":245,"column":2}},"locations":[{"start":{"line":243,"column":76},"end":{"line":245,"column":2}}]},"96":{"type":"branch","line":246,"loc":{"start":{"line":246,"column":19},"end":{"line":252,"column":2}},"locations":[{"start":{"line":246,"column":19},"end":{"line":252,"column":2}}]},"97":{"type":"branch","line":248,"loc":{"start":{"line":248,"column":8},"end":{"line":250,"column":74}},"locations":[{"start":{"line":248,"column":8},"end":{"line":250,"column":74}}]},"98":{"type":"branch","line":250,"loc":{"start":{"line":250,"column":73},"end":{"line":252,"column":2}},"locations":[{"start":{"line":250,"column":73},"end":{"line":252,"column":2}}]},"99":{"type":"branch","line":253,"loc":{"start":{"line":253,"column":18},"end":{"line":260,"column":2}},"locations":[{"start":{"line":253,"column":18},"end":{"line":260,"column":2}}]},"100":{"type":"branch","line":256,"loc":{"start":{"line":256,"column":-2},"end":{"line":256,"column":77}},"locations":[{"start":{"line":256,"column":-2},"end":{"line":256,"column":77}}]},"101":{"type":"branch","line":258,"loc":{"start":{"line":258,"column":4},"end":{"line":260,"column":2}},"locations":[{"start":{"line":258,"column":4},"end":{"line":260,"column":2}}]},"102":{"type":"branch","line":261,"loc":{"start":{"line":261,"column":21},"end":{"line":262,"column":54}},"locations":[{"start":{"line":261,"column":21},"end":{"line":262,"column":54}}]},"103":{"type":"branch","line":262,"loc":{"start":{"line":262,"column":46},"end":{"line":262,"column":54}},"locations":[{"start":{"line":262,"column":46},"end":{"line":262,"column":54}}]}},"b":{"0":[41],"1":[0],"2":[253],"3":[151],"4":[102],"5":[0],"6":[0],"7":[53],"8":[0],"9":[0],"10":[1],"11":[0],"12":[1],"13":[0],"14":[1],"15":[0],"16":[2],"17":[0],"18":[1],"19":[0],"20":[1],"21":[0],"22":[1],"23":[0],"24":[1],"25":[0],"26":[2],"27":[1],"28":[1],"29":[1],"30":[0],"31":[1],"32":[0],"33":[1],"34":[0],"35":[1],"36":[0],"37":[1],"38":[0],"39":[1],"40":[0],"41":[1],"42":[0],"43":[1],"44":[0],"45":[1],"46":[0],"47":[1],"48":[0],"49":[1],"50":[0],"51":[1],"52":[0],"53":[1],"54":[0],"55":[1],"56":[0],"57":[1],"58":[0],"59":[1],"60":[0],"61":[1],"62":[0],"63":[1],"64":[0],"65":[2],"66":[1],"67":[0],"68":[1],"69":[0],"70":[1],"71":[0],"72":[2],"73":[1],"74":[0],"75":[0],"76":[1],"77":[0],"78":[5],"79":[4],"80":[3],"81":[1],"82":[2],"83":[0],"84":[2],"85":[1],"86":[0],"87":[1],"88":[0],"89":[0],"90":[1],"91":[0],"92":[2],"93":[2],"94":[1],"95":[0],"96":[2],"97":[1],"98":[0],"99":[1],"100":[0],"101":[0],"102":[1],"103":[0]},"fnMap":{"0":{"name":"addFilter","decl":{"start":{"line":15,"column":7},"end":{"line":24,"column":1}},"loc":{"start":{"line":15,"column":7},"end":{"line":24,"column":1}},"line":15},"1":{"name":"applyFilter","decl":{"start":{"line":34,"column":7},"end":{"line":44,"column":1}},"loc":{"start":{"line":34,"column":7},"end":{"line":44,"column":1}},"line":34}},"f":{"0":41,"1":253}}
,"C:\\Users\\admin\\Desktop\\DEV\\potion\\src\\main.js": {"path":"C:\\Users\\admin\\Desktop\\DEV\\potion\\src\\main.js","all":false,"statementMap":{"0":{"start":{"line":1,"column":0},"end":{"line":1,"column":54}},"1":{"start":{"line":2,"column":0},"end":{"line":2,"column":48}},"2":{"start":{"line":3,"column":0},"end":{"line":3,"column":41}},"3":{"start":{"line":4,"column":0},"end":{"line":4,"column":45}},"4":{"start":{"line":5,"column":0},"end":{"line":5,"column":41}},"5":{"start":{"line":6,"column":0},"end":{"line":6,"column":51}},"6":{"start":{"line":7,"column":0},"end":{"line":7,"column":44}},"7":{"start":{"line":8,"column":0},"end":{"line":8,"column":0}},"8":{"start":{"line":9,"column":0},"end":{"line":9,"column":19}},"9":{"start":{"line":10,"column":0},"end":{"line":10,"column":24}},"10":{"start":{"line":11,"column":0},"end":{"line":11,"column":0}},"11":{"start":{"line":12,"column":0},"end":{"line":12,"column":25}},"12":{"start":{"line":13,"column":0},"end":{"line":13,"column":15}},"13":{"start":{"line":14,"column":0},"end":{"line":14,"column":13}},"14":{"start":{"line":15,"column":0},"end":{"line":15,"column":20}},"15":{"start":{"line":16,"column":0},"end":{"line":16,"column":28}},"16":{"start":{"line":17,"column":0},"end":{"line":17,"column":22}},"17":{"start":{"line":18,"column":0},"end":{"line":18,"column":15}},"18":{"start":{"line":19,"column":0},"end":{"line":19,"column":14}},"19":{"start":{"line":20,"column":0},"end":{"line":20,"column":2}},"20":{"start":{"line":21,"column":0},"end":{"line":21,"column":0}},"21":{"start":{"line":22,"column":0},"end":{"line":22,"column":38}},"22":{"start":{"line":23,"column":0},"end":{"line":23,"column":0}},"23":{"start":{"line":24,"column":0},"end":{"line":24,"column":36}},"24":{"start":{"line":25,"column":0},"end":{"line":25,"column":61}},"25":{"start":{"line":26,"column":0},"end":{"line":26,"column":12}},"26":{"start":{"line":27,"column":0},"end":{"line":27,"column":62}},"27":{"start":{"line":28,"column":0},"end":{"line":28,"column":26}},"28":{"start":{"line":29,"column":0},"end":{"line":29,"column":64}},"29":{"start":{"line":30,"column":0},"end":{"line":30,"column":51}},"30":{"start":{"line":31,"column":0},"end":{"line":31,"column":11}},"31":{"start":{"line":32,"column":0},"end":{"line":32,"column":1}},"32":{"start":{"line":33,"column":0},"end":{"line":33,"column":0}},"33":{"start":{"line":34,"column":0},"end":{"line":34,"column":3}},"34":{"start":{"line":35,"column":0},"end":{"line":35,"column":63}},"35":{"start":{"line":36,"column":0},"end":{"line":36,"column":2}},"36":{"start":{"line":37,"column":0},"end":{"line":37,"column":80}},"37":{"start":{"line":38,"column":0},"end":{"line":38,"column":59}},"38":{"start":{"line":39,"column":0},"end":{"line":39,"column":39}},"39":{"start":{"line":40,"column":0},"end":{"line":40,"column":3}},"40":{"start":{"line":41,"column":0},"end":{"line":41,"column":33}},"41":{"start":{"line":42,"column":0},"end":{"line":42,"column":39}},"42":{"start":{"line":43,"column":0},"end":{"line":43,"column":29}},"43":{"start":{"line":44,"column":0},"end":{"line":44,"column":23}},"44":{"start":{"line":45,"column":0},"end":{"line":45,"column":27}},"45":{"start":{"line":46,"column":0},"end":{"line":46,"column":44}},"46":{"start":{"line":47,"column":0},"end":{"line":47,"column":5}},"47":{"start":{"line":48,"column":0},"end":{"line":48,"column":61}},"48":{"start":{"line":49,"column":0},"end":{"line":49,"column":45}},"49":{"start":{"line":50,"column":0},"end":{"line":50,"column":51}},"50":{"start":{"line":51,"column":0},"end":{"line":51,"column":5}},"51":{"start":{"line":52,"column":0},"end":{"line":52,"column":55}},"52":{"start":{"line":53,"column":0},"end":{"line":53,"column":41}},"53":{"start":{"line":54,"column":0},"end":{"line":54,"column":60}},"54":{"start":{"line":55,"column":0},"end":{"line":55,"column":5}},"55":{"start":{"line":56,"column":0},"end":{"line":56,"column":56}},"56":{"start":{"line":57,"column":0},"end":{"line":57,"column":1}},"57":{"start":{"line":58,"column":0},"end":{"line":58,"column":0}},"58":{"start":{"line":59,"column":0},"end":{"line":59,"column":3}},"59":{"start":{"line":60,"column":0},"end":{"line":60,"column":69}},"60":{"start":{"line":61,"column":0},"end":{"line":61,"column":2}},"61":{"start":{"line":62,"column":0},"end":{"line":62,"column":69}},"62":{"start":{"line":63,"column":0},"end":{"line":63,"column":52}},"63":{"start":{"line":64,"column":0},"end":{"line":64,"column":40}},"64":{"start":{"line":65,"column":0},"end":{"line":65,"column":3}},"65":{"start":{"line":66,"column":0},"end":{"line":66,"column":77}},"66":{"start":{"line":67,"column":0},"end":{"line":67,"column":56}},"67":{"start":{"line":68,"column":0},"end":{"line":68,"column":0}},"68":{"start":{"line":69,"column":0},"end":{"line":69,"column":39}},"69":{"start":{"line":70,"column":0},"end":{"line":70,"column":29}},"70":{"start":{"line":71,"column":0},"end":{"line":71,"column":32}},"71":{"start":{"line":72,"column":0},"end":{"line":72,"column":34}},"72":{"start":{"line":73,"column":0},"end":{"line":73,"column":13}},"73":{"start":{"line":74,"column":0},"end":{"line":74,"column":22}},"74":{"start":{"line":75,"column":0},"end":{"line":75,"column":6}},"75":{"start":{"line":76,"column":0},"end":{"line":76,"column":18}},"76":{"start":{"line":77,"column":0},"end":{"line":77,"column":0}},"77":{"start":{"line":78,"column":0},"end":{"line":78,"column":71}},"78":{"start":{"line":79,"column":0},"end":{"line":79,"column":63}},"79":{"start":{"line":80,"column":0},"end":{"line":80,"column":12}},"80":{"start":{"line":81,"column":0},"end":{"line":81,"column":57}},"81":{"start":{"line":82,"column":0},"end":{"line":82,"column":5}},"82":{"start":{"line":83,"column":0},"end":{"line":83,"column":39}},"83":{"start":{"line":84,"column":0},"end":{"line":84,"column":0}},"84":{"start":{"line":85,"column":0},"end":{"line":85,"column":55}},"85":{"start":{"line":86,"column":0},"end":{"line":86,"column":35}},"86":{"start":{"line":87,"column":0},"end":{"line":87,"column":58}},"87":{"start":{"line":88,"column":0},"end":{"line":88,"column":9}},"88":{"start":{"line":89,"column":0},"end":{"line":89,"column":7}},"89":{"start":{"line":90,"column":0},"end":{"line":90,"column":0}},"90":{"start":{"line":91,"column":0},"end":{"line":91,"column":31}},"91":{"start":{"line":92,"column":0},"end":{"line":92,"column":68}},"92":{"start":{"line":93,"column":0},"end":{"line":93,"column":5}},"93":{"start":{"line":94,"column":0},"end":{"line":94,"column":0}},"94":{"start":{"line":95,"column":0},"end":{"line":95,"column":27}},"95":{"start":{"line":96,"column":0},"end":{"line":96,"column":0}},"96":{"start":{"line":97,"column":0},"end":{"line":97,"column":34}},"97":{"start":{"line":98,"column":0},"end":{"line":98,"column":0}},"98":{"start":{"line":99,"column":0},"end":{"line":99,"column":32}},"99":{"start":{"line":100,"column":0},"end":{"line":100,"column":80}},"100":{"start":{"line":101,"column":0},"end":{"line":101,"column":0}},"101":{"start":{"line":102,"column":0},"end":{"line":102,"column":72}},"102":{"start":{"line":103,"column":0},"end":{"line":103,"column":21}},"103":{"start":{"line":104,"column":0},"end":{"line":104,"column":1}},"104":{"start":{"line":105,"column":0},"end":{"line":105,"column":0}},"105":{"start":{"line":106,"column":0},"end":{"line":106,"column":3}},"106":{"start":{"line":107,"column":0},"end":{"line":107,"column":35}},"107":{"start":{"line":108,"column":0},"end":{"line":108,"column":2}},"108":{"start":{"line":109,"column":0},"end":{"line":109,"column":53}},"109":{"start":{"line":110,"column":0},"end":{"line":110,"column":38}},"110":{"start":{"line":111,"column":0},"end":{"line":111,"column":37}},"111":{"start":{"line":112,"column":0},"end":{"line":112,"column":3}},"112":{"start":{"line":113,"column":0},"end":{"line":113,"column":57}},"113":{"start":{"line":114,"column":0},"end":{"line":114,"column":51}},"114":{"start":{"line":115,"column":0},"end":{"line":115,"column":47}},"115":{"start":{"line":116,"column":0},"end":{"line":116,"column":6}},"116":{"start":{"line":117,"column":0},"end":{"line":117,"column":27}},"117":{"start":{"line":118,"column":0},"end":{"line":118,"column":24}},"118":{"start":{"line":119,"column":0},"end":{"line":119,"column":68}},"119":{"start":{"line":120,"column":0},"end":{"line":120,"column":10}},"120":{"start":{"line":121,"column":0},"end":{"line":121,"column":5}},"121":{"start":{"line":122,"column":0},"end":{"line":122,"column":0}},"122":{"start":{"line":123,"column":0},"end":{"line":123,"column":39}},"123":{"start":{"line":124,"column":0},"end":{"line":124,"column":29}},"124":{"start":{"line":125,"column":0},"end":{"line":125,"column":0}},"125":{"start":{"line":126,"column":0},"end":{"line":126,"column":62}},"126":{"start":{"line":127,"column":0},"end":{"line":127,"column":0}},"127":{"start":{"line":128,"column":0},"end":{"line":128,"column":49}},"128":{"start":{"line":129,"column":0},"end":{"line":129,"column":36}},"129":{"start":{"line":130,"column":0},"end":{"line":130,"column":0}},"130":{"start":{"line":131,"column":0},"end":{"line":131,"column":68}},"131":{"start":{"line":132,"column":0},"end":{"line":132,"column":41}},"132":{"start":{"line":133,"column":0},"end":{"line":133,"column":27}},"133":{"start":{"line":134,"column":0},"end":{"line":134,"column":7}},"134":{"start":{"line":135,"column":0},"end":{"line":135,"column":0}},"135":{"start":{"line":136,"column":0},"end":{"line":136,"column":85}},"136":{"start":{"line":137,"column":0},"end":{"line":137,"column":57}},"137":{"start":{"line":138,"column":0},"end":{"line":138,"column":24}},"138":{"start":{"line":139,"column":0},"end":{"line":139,"column":14}},"139":{"start":{"line":140,"column":0},"end":{"line":140,"column":22}},"140":{"start":{"line":141,"column":0},"end":{"line":141,"column":6}},"141":{"start":{"line":142,"column":0},"end":{"line":142,"column":0}},"142":{"start":{"line":143,"column":0},"end":{"line":143,"column":77}},"143":{"start":{"line":144,"column":0},"end":{"line":144,"column":30}},"144":{"start":{"line":145,"column":0},"end":{"line":145,"column":67}},"145":{"start":{"line":146,"column":0},"end":{"line":146,"column":49}},"146":{"start":{"line":147,"column":0},"end":{"line":147,"column":44}},"147":{"start":{"line":148,"column":0},"end":{"line":148,"column":24}},"148":{"start":{"line":149,"column":0},"end":{"line":149,"column":34}},"149":{"start":{"line":150,"column":0},"end":{"line":150,"column":58}},"150":{"start":{"line":151,"column":0},"end":{"line":151,"column":6}},"151":{"start":{"line":152,"column":0},"end":{"line":152,"column":0}},"152":{"start":{"line":153,"column":0},"end":{"line":153,"column":17}},"153":{"start":{"line":154,"column":0},"end":{"line":154,"column":1}},"154":{"start":{"line":155,"column":0},"end":{"line":155,"column":0}},"155":{"start":{"line":156,"column":0},"end":{"line":156,"column":3}},"156":{"start":{"line":157,"column":0},"end":{"line":157,"column":66}},"157":{"start":{"line":158,"column":0},"end":{"line":158,"column":2}},"158":{"start":{"line":159,"column":0},"end":{"line":159,"column":63}},"159":{"start":{"line":160,"column":0},"end":{"line":160,"column":52}},"160":{"start":{"line":161,"column":0},"end":{"line":161,"column":39}},"161":{"start":{"line":162,"column":0},"end":{"line":162,"column":3}},"162":{"start":{"line":163,"column":0},"end":{"line":163,"column":33}},"163":{"start":{"line":164,"column":0},"end":{"line":164,"column":34}},"164":{"start":{"line":165,"column":0},"end":{"line":165,"column":1}},"165":{"start":{"line":166,"column":0},"end":{"line":166,"column":0}},"166":{"start":{"line":167,"column":0},"end":{"line":167,"column":25}},"167":{"start":{"line":168,"column":0},"end":{"line":168,"column":63}},"168":{"start":{"line":169,"column":0},"end":{"line":169,"column":51}},"169":{"start":{"line":170,"column":0},"end":{"line":170,"column":47}},"170":{"start":{"line":171,"column":0},"end":{"line":171,"column":6}},"171":{"start":{"line":172,"column":0},"end":{"line":172,"column":25}},"172":{"start":{"line":173,"column":0},"end":{"line":173,"column":24}},"173":{"start":{"line":174,"column":0},"end":{"line":174,"column":68}},"174":{"start":{"line":175,"column":0},"end":{"line":175,"column":10}},"175":{"start":{"line":176,"column":0},"end":{"line":176,"column":78}},"176":{"start":{"line":177,"column":0},"end":{"line":177,"column":2}},"177":{"start":{"line":178,"column":0},"end":{"line":178,"column":0}},"178":{"start":{"line":179,"column":0},"end":{"line":179,"column":29}},"179":{"start":{"line":180,"column":0},"end":{"line":180,"column":33}},"180":{"start":{"line":181,"column":0},"end":{"line":181,"column":0}},"181":{"start":{"line":182,"column":0},"end":{"line":182,"column":22}}},"s":{"0":1,"1":1,"2":1,"3":1,"4":1,"5":1,"6":1,"7":1,"8":1,"9":1,"10":1,"11":1,"12":1,"13":1,"14":1,"15":1,"16":1,"17":1,"18":1,"19":1,"20":1,"21":1,"22":1,"23":1,"24":1,"25":1,"26":1,"27":1,"28":0,"29":0,"30":1,"31":1,"32":1,"33":1,"34":1,"35":1,"36":1,"37":1,"38":1,"39":1,"40":50,"41":50,"42":50,"43":50,"44":1,"45":1,"46":1,"47":50,"48":50,"49":0,"50":0,"51":50,"52":50,"53":50,"54":50,"55":50,"56":50,"57":1,"58":1,"59":1,"60":1,"61":1,"62":1,"63":1,"64":1,"65":0,"66":0,"67":0,"68":0,"69":0,"70":0,"71":0,"72":0,"73":0,"74":0,"75":0,"76":0,"77":0,"78":0,"79":0,"80":0,"81":0,"82":0,"83":0,"84":0,"85":0,"86":0,"87":0,"88":0,"89":0,"90":0,"91":0,"92":0,"93":0,"94":0,"95":0,"96":0,"97":0,"98":0,"99":0,"100":0,"101":0,"102":0,"103":0,"104":1,"105":1,"106":1,"107":1,"108":1,"109":1,"110":1,"111":1,"112":0,"113":0,"114":0,"115":0,"116":0,"117":0,"118":0,"119":0,"120":0,"121":0,"122":0,"123":0,"124":0,"125":0,"126":0,"127":0,"128":0,"129":0,"130":0,"131":0,"132":0,"133":0,"134":0,"135":0,"136":0,"137":0,"138":0,"139":0,"140":0,"141":0,"142":0,"143":0,"144":0,"145":0,"146":0,"147":0,"148":0,"149":0,"150":0,"151":0,"152":0,"153":0,"154":1,"155":1,"156":1,"157":1,"158":1,"159":1,"160":1,"161":1,"162":50,"163":50,"164":50,"165":1,"166":1,"167":1,"168":0,"169":0,"170":0,"171":0,"172":0,"173":0,"174":0,"175":0,"176":0,"177":1,"178":1,"179":1,"180":1,"181":1},"branchMap":{"0":{"type":"branch","line":41,"loc":{"start":{"line":41,"column":0},"end":{"line":57,"column":1}},"locations":[{"start":{"line":41,"column":0},"end":{"line":57,"column":1}}]},"1":{"type":"branch","line":44,"loc":{"start":{"line":44,"column":22},"end":{"line":47,"column":5}},"locations":[{"start":{"line":44,"column":22},"end":{"line":47,"column":5}}]},"2":{"type":"branch","line":49,"loc":{"start":{"line":49,"column":44},"end":{"line":51,"column":5}},"locations":[{"start":{"line":49,"column":44},"end":{"line":51,"column":5}}]},"3":{"type":"branch","line":163,"loc":{"start":{"line":163,"column":0},"end":{"line":165,"column":1}},"locations":[{"start":{"line":163,"column":0},"end":{"line":165,"column":1}}]}},"b":{"0":[50],"1":[1],"2":[0],"3":[50]},"fnMap":{"0":{"name":"Potion","decl":{"start":{"line":41,"column":0},"end":{"line":57,"column":1}},"loc":{"start":{"line":41,"column":0},"end":{"line":57,"column":1}},"line":41},"1":{"name":"createContainerFromTemplate","decl":{"start":{"line":66,"column":0},"end":{"line":104,"column":1}},"loc":{"start":{"line":66,"column":0},"end":{"line":104,"column":1}},"line":66},"2":{"name":"renderSync","decl":{"start":{"line":113,"column":0},"end":{"line":154,"column":1}},"loc":{"start":{"line":113,"column":0},"end":{"line":154,"column":1}},"line":113},"3":{"name":"potion","decl":{"start":{"line":163,"column":0},"end":{"line":165,"column":1}},"loc":{"start":{"line":163,"column":0},"end":{"line":165,"column":1}},"line":163},"4":{"name":"Object.<anonymous>.potion.render","decl":{"start":{"line":168,"column":16},"end":{"line":177,"column":2}},"loc":{"start":{"line":168,"column":16},"end":{"line":177,"column":2}},"line":168}},"f":{"0":50,"1":0,"2":0,"3":50,"4":0}}
,"C:\\Users\\admin\\Desktop\\DEV\\potion\\src\\parser.js": {"path":"C:\\Users\\admin\\Desktop\\DEV\\potion\\src\\parser.js","all":false,"statementMap":{"0":{"start":{"line":1,"column":0},"end":{"line":1,"column":3}},"1":{"start":{"line":2,"column":0},"end":{"line":2,"column":17}},"2":{"start":{"line":3,"column":0},"end":{"line":3,"column":3}},"3":{"start":{"line":4,"column":0},"end":{"line":4,"column":0}},"4":{"start":{"line":5,"column":0},"end":{"line":5,"column":41}},"5":{"start":{"line":6,"column":0},"end":{"line":6,"column":43}},"6":{"start":{"line":7,"column":0},"end":{"line":7,"column":0}},"7":{"start":{"line":8,"column":0},"end":{"line":8,"column":22}},"8":{"start":{"line":9,"column":0},"end":{"line":9,"column":32}},"9":{"start":{"line":10,"column":0},"end":{"line":10,"column":0}},"10":{"start":{"line":11,"column":0},"end":{"line":11,"column":43}},"11":{"start":{"line":12,"column":0},"end":{"line":12,"column":29}},"12":{"start":{"line":13,"column":0},"end":{"line":13,"column":0}},"13":{"start":{"line":14,"column":0},"end":{"line":14,"column":3}},"14":{"start":{"line":15,"column":0},"end":{"line":15,"column":69}},"15":{"start":{"line":16,"column":0},"end":{"line":16,"column":75}},"16":{"start":{"line":17,"column":0},"end":{"line":17,"column":2}},"17":{"start":{"line":18,"column":0},"end":{"line":18,"column":50}},"18":{"start":{"line":19,"column":0},"end":{"line":19,"column":64}},"19":{"start":{"line":20,"column":0},"end":{"line":20,"column":52}},"20":{"start":{"line":21,"column":0},"end":{"line":21,"column":3}},"21":{"start":{"line":22,"column":0},"end":{"line":22,"column":47}},"22":{"start":{"line":23,"column":0},"end":{"line":23,"column":72}},"23":{"start":{"line":24,"column":0},"end":{"line":24,"column":31}},"24":{"start":{"line":25,"column":0},"end":{"line":25,"column":59}},"25":{"start":{"line":26,"column":0},"end":{"line":26,"column":25}},"26":{"start":{"line":27,"column":0},"end":{"line":27,"column":44}},"27":{"start":{"line":28,"column":0},"end":{"line":28,"column":12}},"28":{"start":{"line":29,"column":0},"end":{"line":29,"column":6}},"29":{"start":{"line":30,"column":0},"end":{"line":30,"column":20}},"30":{"start":{"line":31,"column":0},"end":{"line":31,"column":22}},"31":{"start":{"line":32,"column":0},"end":{"line":32,"column":14}},"32":{"start":{"line":33,"column":0},"end":{"line":33,"column":55}},"33":{"start":{"line":34,"column":0},"end":{"line":34,"column":52}},"34":{"start":{"line":35,"column":0},"end":{"line":35,"column":38}},"35":{"start":{"line":36,"column":0},"end":{"line":36,"column":25}},"36":{"start":{"line":37,"column":0},"end":{"line":37,"column":31}},"37":{"start":{"line":38,"column":0},"end":{"line":38,"column":62}},"38":{"start":{"line":39,"column":0},"end":{"line":39,"column":15}},"39":{"start":{"line":40,"column":0},"end":{"line":40,"column":9}},"40":{"start":{"line":41,"column":0},"end":{"line":41,"column":112}},"41":{"start":{"line":42,"column":0},"end":{"line":42,"column":21}},"42":{"start":{"line":43,"column":0},"end":{"line":43,"column":26}},"43":{"start":{"line":44,"column":0},"end":{"line":44,"column":27}},"44":{"start":{"line":45,"column":0},"end":{"line":45,"column":28}},"45":{"start":{"line":46,"column":0},"end":{"line":46,"column":11}},"46":{"start":{"line":47,"column":0},"end":{"line":47,"column":38}},"47":{"start":{"line":48,"column":0},"end":{"line":48,"column":5}},"48":{"start":{"line":49,"column":0},"end":{"line":49,"column":46}},"49":{"start":{"line":50,"column":0},"end":{"line":50,"column":38}},"50":{"start":{"line":51,"column":0},"end":{"line":51,"column":21}},"51":{"start":{"line":52,"column":0},"end":{"line":52,"column":27}},"52":{"start":{"line":53,"column":0},"end":{"line":53,"column":45}},"53":{"start":{"line":54,"column":0},"end":{"line":54,"column":11}},"54":{"start":{"line":55,"column":0},"end":{"line":55,"column":5}},"55":{"start":{"line":56,"column":0},"end":{"line":56,"column":18}},"56":{"start":{"line":57,"column":0},"end":{"line":57,"column":1}},"57":{"start":{"line":58,"column":0},"end":{"line":58,"column":0}},"58":{"start":{"line":59,"column":0},"end":{"line":59,"column":3}},"59":{"start":{"line":60,"column":0},"end":{"line":60,"column":68}},"60":{"start":{"line":61,"column":0},"end":{"line":61,"column":2}},"61":{"start":{"line":62,"column":0},"end":{"line":62,"column":52}},"62":{"start":{"line":63,"column":0},"end":{"line":63,"column":60}},"63":{"start":{"line":64,"column":0},"end":{"line":64,"column":50}},"64":{"start":{"line":65,"column":0},"end":{"line":65,"column":3}},"65":{"start":{"line":66,"column":0},"end":{"line":66,"column":40}},"66":{"start":{"line":67,"column":0},"end":{"line":67,"column":35}},"67":{"start":{"line":68,"column":0},"end":{"line":68,"column":40}},"68":{"start":{"line":69,"column":0},"end":{"line":69,"column":5}},"69":{"start":{"line":70,"column":0},"end":{"line":70,"column":56}},"70":{"start":{"line":71,"column":0},"end":{"line":71,"column":37}},"71":{"start":{"line":72,"column":0},"end":{"line":72,"column":18}},"72":{"start":{"line":73,"column":0},"end":{"line":73,"column":1}},"73":{"start":{"line":74,"column":0},"end":{"line":74,"column":0}},"74":{"start":{"line":75,"column":0},"end":{"line":75,"column":65}},"75":{"start":{"line":76,"column":0},"end":{"line":76,"column":46}},"76":{"start":{"line":77,"column":0},"end":{"line":77,"column":31}},"77":{"start":{"line":78,"column":0},"end":{"line":78,"column":20}},"78":{"start":{"line":79,"column":0},"end":{"line":79,"column":73}},"79":{"start":{"line":80,"column":0},"end":{"line":80,"column":62}},"80":{"start":{"line":81,"column":0},"end":{"line":81,"column":64}},"81":{"start":{"line":82,"column":0},"end":{"line":82,"column":61}},"82":{"start":{"line":83,"column":0},"end":{"line":83,"column"
[...]
column":9}}]},"14":{"type":"branch","line":128,"loc":{"start":{"line":128,"column":9},"end":{"line":134,"column":9}},"locations":[{"start":{"line":128,"column":9},"end":{"line":134,"column":9}}]},"15":{"type":"branch","line":128,"loc":{"start":{"line":128,"column":43},"end":{"line":131,"column":9}},"locations":[{"start":{"line":128,"column":43},"end":{"line":131,"column":9}}]},"16":{"type":"branch","line":131,"loc":{"start":{"line":131,"column":9},"end":{"line":134,"column":9}},"locations":[{"start":{"line":131,"column":9},"end":{"line":134,"column":9}}]},"17":{"type":"branch","line":148,"loc":{"start":{"line":148,"column":7},"end":{"line":272,"column":1}},"locations":[{"start":{"line":148,"column":7},"end":{"line":272,"column":1}}]},"18":{"type":"branch","line":156,"loc":{"start":{"line":156,"column":39},"end":{"line":159,"column":9}},"locations":[{"start":{"line":156,"column":39},"end":{"line":159,"column":9}}]},"19":{"type":"branch","line":161,"loc":{"start":{"line":161,"column":38},"end":{"line":164,"column":13}},"locations":[{"start":{"line":161,"column":38},"end":{"line":164,"column":13}}]},"20":{"type":"branch","line":174,"loc":{"start":{"line":174,"column":38},"end":{"line":187,"column":13}},"locations":[{"start":{"line":174,"column":38},"end":{"line":187,"column":13}}]},"21":{"type":"branch","line":179,"loc":{"start":{"line":179,"column":44},"end":{"line":180,"column":57}},"locations":[{"start":{"line":179,"column":44},"end":{"line":180,"column":57}}]},"22":{"type":"branch","line":181,"loc":{"start":{"line":181,"column":18},"end":{"line":187,"column":13}},"locations":[{"start":{"line":181,"column":18},"end":{"line":187,"column":13}}]},"23":{"type":"branch","line":193,"loc":{"start":{"line":193,"column":14},"end":{"line":196,"column":13}},"locations":[{"start":{"line":193,"column":14},"end":{"line":196,"column":13}}]},"24":{"type":"branch","line":199,"loc":{"start":{"line":199,"column":51},"end":{"line":216,"column":13}},"locations":[{"start":{"line":199,"column":51},"end":{"line":216,"column":13}}]},"25":{"type":"branch","line":203,"loc":{"start":{"line":203,"column":52},"end":{"line":208,"column":17}},"locations":[{"start":{"line":203,"column":52},"end":{"line":208,"column":17}}]},"26":{"type":"branch","line":218,"loc":{"start":{"line":218,"column":30},"end":{"line":264,"column":13}},"locations":[{"start":{"line":218,"column":30},"end":{"line":264,"column":13}}]},"27":{"type":"branch","line":230,"loc":{"start":{"line":230,"column":54},"end":{"line":234,"column":17}},"locations":[{"start":{"line":230,"column":54},"end":{"line":234,"column":17}}]},"28":{"type":"branch","line":236,"loc":{"start":{"line":236,"column":51},"end":{"line":259,"column":21}},"locations":[{"start":{"line":236,"column":51},"end":{"line":259,"column":21}}]},"29":{"type":"branch","line":260,"loc":{"start":{"line":260,"column":17},"end":{"line":262,"column":17}},"locations":[{"start":{"line":260,"column":17},"end":{"line":262,"column":17}}]},"30":{"type":"branch","line":264,"loc":{"start":{"line":264,"column":13},"end":{"line":268,"column":13}},"locations":[{"start":{"line":264,"column":13},"end":{"line":268,"column":13}}]},"31":{"type":"branch","line":167,"loc":{"start":{"line":167,"column":56},"end":{"line":167,"column":70}},"locations":[{"start":{"line":167,"column":56},"end":{"line":167,"column":70}}]},"32":{"type":"branch","line":221,"loc":{"start":{"line":221,"column":26},"end":{"line":226,"column":47}},"locations":[{"start":{"line":221,"column":26},"end":{"line":226,"column":47}}]},"33":{"type":"branch","line":223,"loc":{"start":{"line":223,"column":-2},"end":{"line":223,"column":39}},"locations":[{"start":{"line":223,"column":-2},"end":{"line":223,"column":39}}]},"34":{"type":"branch","line":224,"loc":{"start":{"line":224,"column":58},"end":{"line":224,"column":69}},"locations":[{"start":{"line":224,"column":58},"end":{"line":224,"column":69}}]}},"b":{"0":[50],"1":[52],"2":[0],"3":[0],"4":[53],"5":[3],"6":[50],"7":[50],"8":[50],"9":[0],"10":[50],"11":[23],"12":[28],"13":[3],"14":[25],"15":[11],"16":[14],"17":[53],"18":[0],"19":[0],"20":[2],"21":[1],"22":[1],"23":[0],"24":[49],"25":[23],"26":[1],"27":[0],"28":[3],"29":[0],"30":[52],"31":[102],"32":[1],"33":[0],"34":[0]},"fnMap":{"0":{"name":"tokenizeTemplate","decl":{"start":{"line":22,"column":0},"end":{"line":57,"column":1}},"loc":{"start":{"line":22,"column":0},"end":{"line":57,"column":1}},"line":22},"1":{"name":"getTokens","decl":{"start":{"line":66,"column":0},"end":{"line":73,"column":1}},"loc":{"start":{"line":66,"column":0},"end":{"line":73,"column":1}},"line":66},"2":{"name":"protectNestedTemplates","decl":{"start":{"line":76,"column":0},"end":{"line":88,"column":1}},"loc":{"start":{"line":76,"column":0},"end":{"line":88,"column":1}},"line":76},"3":{"name":"restoreNestedTemplates","decl":{"start":{"line":91,"column":0},"end":{"line":99,"column":1}},"loc":{"start":{"line":91,"column":0},"end":{"line":99,"column":1}},"line":91},"4":{"name":"safeSubstitute","decl":{"start":{"line":102,"column":7},"end":{"line":111,"column":1}},"loc":{"start":{"line":102,"column":7},"end":{"line":111,"column":1}},"line":102},"5":{"name":"parseFilterArguments","decl":{"start":{"line":113,"column":0},"end":{"line":137,"column":1}},"loc":{"start":{"line":113,"column":0},"end":{"line":137,"column":1}},"line":113},"6":{"name":"substitute","decl":{"start":{"line":148,"column":7},"end":{"line":272,"column":1}},"loc":{"start":{"line":148,"column":7},"end":{"line":272,"column":1}},"line":148},"7":{"name":"renderIteration","decl":{"start":{"line":289,"column":7},"end":{"line":293,"column":1}},"loc":{"start":{"line":289,"column":7},"end":{"line":293,"column":1}},"line":289}},"f":{"0":50,"1":53,"2":50,"3":50,"4":50,"5":23,"6":53,"7":0}}
,"C:\\Users\\admin\\Desktop\\DEV\\potion\\src\\reactivity.js": {"path":"C:\\Users\\admin\\Desktop\\DEV\\potion\\src\\reactivity.js","all":false,"statementMap":{"0":{"start":{"line":1,"column":0},"end":{"line":1,"column":3}},"1":{"start":{"line":2,"column":0},"end":{"line":2,"column":21}},"2":{"start":{"line":3,"column":0},"end":{"line":3,"column":3}},"3":{"start":{"line":4,"column":0},"end":{"line":4,"column":0}},"4":{"start":{"line":5,"column":0},"end":{"line":5,"column":3}},"5":{"start":{"line":6,"column":0},"end":{"line":6,"column":62}},"6":{"start":{"line":7,"column":0},"end":{"line":7,"column":60}},"7":{"start":{"line":8,"column":0},"end":{"line":8,"column":3}},"8":{"start":{"line":9,"column":0},"end":{"line":9,"column":33}},"9":{"start":{"line":10,"column":0},"end":{"line":10,"column":0}},"10":{"start":{"line":11,"column":0},"end":{"line":11,"column":3}},"11":{"start":{"line":12,"column":0},"end":{"line":12,"column":62}},"12":{"start":{"line":13,"column":0},"end":{"line":13,"column":92}},"13":{"start":{"line":14,"column":0},"end":{"line":14,"column":2}},"14":{"start":{"line":15,"column":0},"end":{"line":15,"column":45}},"15":{"start":{"line":16,"column":0},"end":{"line":16,"column":71}},"16":{"start":{"line":17,"column":0},"end":{"line":17,"column":73}},"17":{"start":{"line":18,"column":0},"end":{"line":18,"column":72}},"18":{"start":{"line":19,"column":0},"end":{"line":19,"column":38}},"19":{"start":{"line":20,"column":0},"end":{"line":20,"column":3}},"20":{"start":{"line":21,"column":0},"end":{"line":21,"column":26}},"21":{"start":{"line":22,"column":0},"end":{"line":22,"column":11}},"22":{"start":{"line":23,"column":0},"end":{"line":23,"column":13}},"23":{"start":{"line":24,"column":0},"end":{"line":24,"column":24}},"24":{"start":{"line":25,"column":0},"end":{"line":25,"column":20}},"25":{"start":{"line":26,"column":0},"end":{"line":26,"column":3}},"26":{"start":{"line":27,"column":0},"end":{"line":27,"column":69}},"27":{"start":{"line":28,"column":0},"end":{"line":28,"column":74}},"28":{"start":{"line":29,"column":0},"end":{"line":29,"column":48}},"29":{"start":{"line":30,"column":0},"end":{"line":30,"column":0}},"30":{"start":{"line":31,"column":0},"end":{"line":31,"column":54}},"31":{"start":{"line":32,"column":0},"end":{"line":32,"column":33}},"32":{"start":{"line":33,"column":0},"end":{"line":33,"column":38}},"33":{"start":{"line":34,"column":0},"end":{"line":34,"column":5}},"34":{"start":{"line":35,"column":0},"end":{"line":35,"column":0}},"35":{"start":{"line":36,"column":0},"end":{"line":36,"column":37}},"36":{"start":{"line":37,"column":0},"end":{"line":37,"column":24}},"37":{"start":{"line":38,"column":0},"end":{"line":38,"column":49}},"38":{"start":{"line":39,"column":0},"end":{"line":39,"column":66}},"39":{"start":{"line":40,"column":0},"end":{"line":40,"column":74}},"40":{"start":{"line":41,"column":0},"end":{"line":41,"column":10}},"41":{"start":{"line":42,"column":0},"end":{"line":42,"column":31}},"42":{"start":{"line":43,"column":0},"end":{"line":43,"column":39}},"43":{"start":{"line":44,"column":0},"end":{"line":44,"column":57}},"44":{"start":{"line":45,"column":0},"end":{"line":45,"column":37}},"45":{"start":{"line":46,"column":0},"end":{"line":46,"column":27}},"46":{"start":{"line":47,"column":0},"end":{"line":47,"column":13}},"47":{"start":{"line":48,"column":0},"end":{"line":48,"column":26}},"48":{"start":{"line":49,"column":0},"end":{"line":49,"column":10}},"49":{"start":{"line":50,"column":0},"end":{"line":50,"column":7}},"50":{"start":{"line":51,"column":0},"end":{"line":51,"column":34}},"51":{"start":{"line":52,"column":0},"end":{"line":52,"column":17}},"52":{"start":{"line":53,"column":0},"end":{"line":53,"column":1}}},"s":{"0":1,"1":1,"2":1,"3":1,"4":1,"5":1,"6":1,"7":1,"8":1,"9":1,"10":1,"11":1,"12":1,"13":1,"14":1,"15":1,"16":1,"17":1,"18":1,"19":1,"20":1,"21":0,"22":0,"23":0,"24":0,"25":0,"26":0,"27":0,"28":0,"29":0,"30":0,"31":0,"32":0,"33":0,"34":0,"35":0,"36":0,"37":0,"38":0,"39":0,"40":0,"41":0,"42":0,"43":0,"44":0,"45":0,"46":0,"47":0,"48":0,"49":0,"50":0,"51":0,"52":0},"branchMap":{},"b":{},"fnMap":{"0":{"name":"deepProxy","decl":{"start":{"line":21,"column":7},"end":{"line":53,"column":1}},"loc":{"start":{"line":21,"column":7},"end":{"line":53,"column":1}},"line":21}},"f":{"0":0}}
,"C:\\Users\\admin\\Desktop\\DEV\\potion\\src\\store.js": {"path":"C:\\Users\\admin\\Desktop\\DEV\\potion\\src\\store.js","all":false,"statementMap":{"0":{"start":{"line":1,"column":0},"end":{"line":1,"column":61}},"1":{"start":{"line":2,"column":0},"end":{"line":2,"column":0}},"2":{"start":{"line":3,"column":0},"end":{"line":3,"column":3}},"3":{"start":{"line":4,"column":0},"end":{"line":4,"column":16}},"4":{"start":{"line":5,"column":0},"end":{"line":5,"column":46}},"5":{"start":{"line":6,"column":0},"end":{"line":6,"column":3}},"6":{"start":{"line":7,"column":0},"end":{"line":7,"column":22}},"7":{"start":{"line":8,"column":0},"end":{"line":8,"column":11}},"8":{"start":{"line":9,"column":0},"end":{"line":9,"column":27}},"9":{"start":{"line":10,"column":0},"end":{"line":10,"column":50}},"10":{"start":{"line":11,"column":0},"end":{"line":11,"column":30}},"11":{"start":{"line":12,"column":0},"end":{"line":12,"column":24}},"12":{"start":{"line":13,"column":0},"end":{"line":13,"column":30}},"13":{"start":{"line":14,"column":0},"end":{"line":14,"column":27}},"14":{"start":{"line":15,"column":0},"end":{"line":15,"column":37}},"15":{"start":{"line":16,"column":0},"end":{"line":16,"column":36}},"16":{"start":{"line":17,"column":0},"end":{"line":17,"column":6}},"17":{"start":{"line":18,"column":0},"end":{"line":18,"column":2}},"18":{"start":{"line":19,"column":0},"end":{"line":19,"column":0}},"19":{"start":{"line":20,"column":0},"end":{"line":20,"column":38}},"20":{"start":{"line":21,"column":0},"end":{"line":21,"column":50}},"21":{"start":{"line":22,"column":0},"end":{"line":22,"column":2}}},"s":{"0":1,"1":1,"2":1,"3":1,"4":1,"5":1,"6":1,"7":1,"8":1,"9":1,"10":1,"11":1,"12":1,"13":1,"14":1,"15":1,"16":1,"17":1,"18":1,"19":1,"20":50,"21":50},"branchMap":{"0":{"type":"branch","line":1,"loc":{"start":{"line":1,"column":43},"end":{"line":1,"column":55}},"locations":[{"start":{"line":1,"column":43},"end":{"line":1,"column":55}}]},"1":{"type":"branch","line":20,"loc":{"start":{"line":20,"column":28},"end":{"line":22,"column":2}},"locations":[{"start":{"line":20,"column":28},"end":{"line":22,"column":2}}]}},"b":{"0":[0],"1":[50]},"fnMap":{"0":{"name":"extendStore","decl":{"start":{"line":20,"column":28},"end":{"line":22,"column":2}},"loc":{"start":{"line":20,"column":28},"end":{"line":22,"column":2}},"line":20}},"f":{"0":50}}
,"C:\\Users\\admin\\Desktop\\DEV\\potion\\src\\utils.js": {"path":"C:\\Users\\admin\\Desktop\\DEV\\potion\\src\\utils.js","all":false,"statementMap":{"0":{"start":{"line":1,"column":0},"end":{"line":1,"column":3}},"1":{"start":{"line":2,"column":0},"end":{"line":2,"column":16}},"2":{"start":{"line":3,"column":0},"end":{"line":3,"column":3}},"3":{"start":{"line":4,"column":0},"end":{"line":4,"column":0}},"4":{"start":{"line":5,"column":0},"end":{"line":5,"column":3}},"5":{"start":{"line":6,"column":0},"end":{"line":6,"column":71}},"6":{"start":{"line":7,"column":0},"end":{"line":7,"column":47}},"7":{"start":{"line":8,"column":0},"end":{"line":8,"column":40}},"8":{"start":{"line":9,"column":0},"end":{"line":9,"column":3}},"9":{"start":{"line":10,"column":0},"end":{"line":10,"column":37}},"10":{"start":{"line":11,"column":0},"end":{"line":11,"column":57}},"11":{"start":{"line":12,"column":0},"end":{"line":12,"column":1}},"12":{"start":{"line":13,"column":0},"end":{"line":13,"column":0}},"13":{"start":{"line":14,"column":0},"end":{"line":14,"column":3}},"14":{"start":{"line":15,"column":0},"end":{"line":15,"column":48}},"15":{"start":{"line":16,"column":0},"end":{"line":16,"column":80}},"16":{"start":{"line":17,"column":0},"end":{"line":17,"column":2}},"17":{"start":{"line":18,"column":0},"end":{"line":18,"column":49}},"18":{"start":{"line":19,"column":0},"end":{"line":19,"column":50}},"19":{"start":{"line":20,"column":0},"end":{"line":20,"column":45}},"20":{"start":{"line":21,"column":0},"end":{"line":21,"column":3}},"21":{"start":{"line":22,"column":0},"end":{"line":22,"column":38}},"22":{"start":{"line":23,"column":0},"end":{"line":23,"column":16}},"23":{"start":{"line":24,"column":0},"end":{"line":24,"column":31}},"24":{"start":{"line":25,"column":0},"end":{"line":25,"column":30}},"25":{"start":{"line":26,"column":0},"end":{"line":26,"column":65}},"26":{"start":{"line":27,"column":0},"end":{"line":27,"column":6}},"27":{"start":{"line":28,"column":0},"end":{"line":28,"column":1}},"28":{"start":{"line":29,"column":0},"end":{"line":29,"column":0}},"29":{"start":{"line":30,"column":0},"end":{"line":30,"column":3}},"30":{"start":{"line":31,"column":0},"end":{"line":31,"column":57}},"31":{"start":{"line":32,"column":0},"end":{"line":32,"column":2}},"32":{"start":{"line":33,"column":0},"end":{"line":33,"column":50}},"33":{"start":{"line":34,"column":0},"end":{"line":34,"column":67}},"34":{"start":{"line":35,"column":0},"end":{"line":35,"column":3}},"35":{"start":{"line":36,"column":0},"end":{"line":36,"column":45}},"36":{"start":{"line":37,"column":0},"end":{"line":37,"column":47}},"37":{"start":{"line":38,"column":0},"end":{"line":38,"column":47}},"38":{"start":{"line":39,"column":0},"end":{"line":39,"column":1}},"39":{"start":{"line":40,"column":0},"end":{"line":40,"column":0}},"40":{"start":{"line":41,"column":0},"end":{"line":41,"column":3}},"41":{"start":{"line":42,"column":0},"end":{"line":42,"column":97}},"42":{"start":{"line":43,"column":0},"end":{"line":43,"column":26}},"43":{"start":{"line":44,"column":0},"end":{"line":44,"column":2}},"44":{"start":{"line":45,"column":0},"end":{"line":45,"column":53}},"45":{"start":{"line":46,"column":0},"end":{"line":46,"column":2}},"46":{"start":{"line":47,"column":0},"end":{"line":47,"column":47}},"47":{"start":{"line":48,"column":0},"end":{"line":48,"column":72}},"48":{"start":{"line":49,"column":0},"end":{"line":49,"column":44}},"49":{"start":{"line":50,"column":0},"end":{"line":50,"column":65}},"50":{"start":{"line":51,"column":0},"end":{"line":51,"column":3}},"51":{"start":{"line":52,"column":0},"end":{"line":52,"column":51}},"52":{"start":{"line":53,"column":0},"end":{"line":53,"column":43}},"53":{"start":{"line":54,"column":0},"end":{"line":54,"column":23}},"54":{"start":{"line":55,"column":0},"end":{"line":55,"column":27}},"55":{"start":{"line":56,"column":0},"end":{"line":56,"column":34}},"56":{"start":{"line":57,"column":0},"end":{"line":57,"column":25}},"57":{"start":{"line":58,"column":0},"end":{"line":58,"column":29}},"58":{"start":{"line":59,"column":0},"end":{"line":59,"column":94}},"59":{"start":{"line":60,"column":0},"end":{"line":60,"column":55}},"60":{"start":{"line":61,"column":0},"end":{"line":61,"column":23}},"61":{"start":{"line":62,"column":0},"end":{"line":62,"column":39}},"62":{"start":{"line":63,"column":0},"end":{"line":63,"column":47}},"63":{"start":{"line":64,"column":0},"end":{"line":64,"column":26}},"64":{"start":{"line":65,"column":0},"end":{"line":65,"column":35}},"65":{"start":{"line":66,"column":0},"end":{"line":66,"column":108}},"66":{"start":{"line":67,"column":0},"end":{"line":67,"column":56}},"67":{"start":{"line":68,"column":0},"end":{"line":68,"column":61}},"68":{"start":{"line":69,"column":0},"end":{"line":69,"column":64}},"69":{"start":{"line":70,"column":0},"end":{"line":70,"column":19}},"70":{"start":{"line":71,"column":0},"end":{"line":71,"column":13}},"71":{"start":{"line":72,"column":0},"end":{"line":72,"column":65}},"72":{"start":{"line":73,"column":0},"end":{"line":73,"column":49}},"73":{"start":{"line":74,"column":0},"end":{"line":74,"column":20}},"74":{"start":{"line":75,"column":0},"end":{"line":75,"column":78}},"75":{"start":{"line":76,"column":0},"end":{"line":76,"column":13}},"76":{"start":{"line":77,"column":0},"end":{"line":77,"column":16}},"77":{"start":{"line":78,"column":0},"end":{"line":78,"column":45}},"78":{"start":{"line":79,"column":0},"end":{"line":79,"column":43}},"79":{"start":{"line":80,"column":0},"end":{"line":80,"column":38}},"80":{"start":{"line":81,"column":0},"end":{"line":81,"column":20}},"81":{"start":{"line":82,"column":0},"end":{"line":82,"column":76}},"82":{"start":{"line":83,"column":0},"end":{"line":83,"column":13}},"83":{"start":{"line":84,"column":0},"end":{"line":84,"column":9}},"84":{"start":{"line":85,"column":0},"end":{"line":85,"column":5}},"85":{"start":{"line":86,"column":0},"end":{"line":86,"column":18}},"86":{"start":{"line":87,"column":0},"end":{"line":87,"column":1}}},"s":{"0":1,"1":1,"2":1,"3":1,"4":1,"5":1,"6":1,"7":1,"8":1,"9":1,"10":100,"11":100,"12":1,"13":1,"14":1,"15":1,"16":1,"17":1,"18":1,"19":1,"20":1,"21":1,"22":0,"23":0,"24":0,"25":0,"26":0,"27":0,"28":1,"29":1,"30":1,"31":1,"32":1,"33":1,"34":1,"35":1,"36":0,"37":0,"38":0,"39":1,"40":1,"41":1,"42":1,"43":1,"44":1,"45":1,"46":1,"47":1,"48":1,"49":1,"50":1,"51":1,"52":0,"53":0,"54":0,"55":0,"56":0,"57":0,"58":0,"59":0,"60":0,"61":0,"62":0,"63":0,"64":0,"65":0,"66":0,"67":0,"68":0,"69":0,"70":0,"71":0,"72":0,"73":0,"74":0,"75":0,"76":0,"77":0,"78":0,"79":0,"80":0,"81":0,"82":0,"83":0,"84":0,"85":0,"86":0},"branchMap":{"0":{"type":"branch","line":10,"loc":{"start":{"line":10,"column":7},"end":{"line":12,"column":1}},"locations":[{"start":{"line":10,"column":7},"end":{"line":12,"column":1}}]}},"b":{"0":[100]},"fnMap":{"0":{"name":"escapeRegex","decl":{"start":{"line":10,"column":7},"end":{"line":12,"column":1}},"loc":{"start":{"line":10,"column":7},"end":{"line":12,"column":1}},"line":10},"1":{"name":"debounce","decl":{"start":{"line":22,"column":7},"end":{"line":28,"column":1}},"loc":{"start":{"line":22,"column":7},"end":{"line":28,"column":1}},"line":22},"2":{"name":"isValidHTMLElement","decl":{"start":{"line":36,"column":7},"end":{"line":39,"column":1}},"loc":{"start":{"line":36,"column":7},"end":{"line":39,"column":1}},"line":36},"3":{"name":"evaluateExpression","decl":{"start":{"line":52,"column":7},"end":{"line":87,"column":1}},"loc":{"start":{"line":52,"column":7},"end":{"line":87,"column":1}},"line":52}},"f":{"0":100,"1":0,"2":0,"3":0}}
}
