TN:
SF:src\dom.js
FN:11,registerRefs
FN:30,diffNodes
FN:78,updateDOM
FNF:3
FNH:0
FNDA:0,registerRefs
FNDA:0,diffNodes
FNDA:0,updateDOM
DA:1,1
DA:2,1
DA:3,1
DA:4,1
DA:5,1
DA:6,1
DA:7,1
DA:8,1
DA:9,1
DA:10,1
DA:11,1
DA:12,0
DA:13,0
DA:14,0
DA:15,0
DA:16,0
DA:17,0
DA:18,0
DA:19,0
DA:20,0
DA:21,0
DA:22,0
DA:23,1
DA:24,1
DA:25,1
DA:26,1
DA:27,1
DA:28,1
DA:29,1
DA:30,0
DA:31,0
DA:32,0
DA:33,0
DA:34,0
DA:35,0
DA:36,0
DA:37,0
DA:38,0
DA:39,0
DA:40,0
DA:41,0
DA:42,0
DA:43,0
DA:44,0
DA:45,0
DA:46,0
DA:47,0
DA:48,0
DA:49,0
DA:50,0
DA:51,0
DA:52,0
DA:53,0
DA:54,0
DA:55,0
DA:56,0
DA:57,0
DA:58,0
DA:59,0
DA:60,0
DA:61,0
DA:62,0
DA:63,0
DA:64,0
DA:65,0
DA:66,0
DA:67,0
DA:68,0
DA:69,0
DA:70,0
DA:71,1
DA:72,1
DA:73,1
DA:74,1
DA:75,1
DA:76,1
DA:77,1
DA:78,1
DA:79,0
DA:80,0
DA:81,0
DA:82,0
DA:83,0
DA:84,0
DA:85,0
DA:86,0
DA:87,0
DA:88,0
DA:89,0
DA:90,0
DA:91,0
DA:92,0
DA:93,0
DA:94,0
LF:94
LH:26
BRF:0
BRH:0
end_of_record
TN:
SF:src\events.js
FN:14,getLocalContext
FN:36,parseEventArgs
FN:50,bindEvents
FNF:3
FNH:0
FNDA:0,getLocalContext
FNDA:0,parseEventArgs
FNDA:0,bindEvents
DA:1,1
DA:2,1
DA:3,1
DA:4,1
DA:5,1
DA:6,1
DA:7,1
DA:8,1
DA:9,1
DA:10,1
DA:11,1
DA:12,1
DA:13,1
DA:14,1
DA:15,0
DA:16,0
DA:17,0
DA:18,0
DA:19,0
DA:20,0
DA:21,0
DA:22,0
DA:23,0
DA:24,0
DA:25,0
DA:26,0
DA:27,0
DA:28,1
DA:29,1
DA:30,1
DA:31,1
DA:32,1
DA:33,1
DA:34,1
DA:35,1
DA:36,1
DA:37,0
DA:38,0
DA:39,0
DA:40,0
DA:41,0
DA:42,0
DA:43,1
DA:44,1
DA:45,1
DA:46,1
DA:47,1
DA:48,1
DA:49,1
DA:50,1
DA:51,0
DA:52,0
DA:53,0
DA:54,0
DA:55,0
DA:56,0
DA:57,0
DA:58,0
DA:59,0
DA:60,0
DA:61,0
DA:62,0
DA:63,0
DA:64,0
DA:65,0
DA:66,0
DA:67,0
DA:68,0
DA:69,0
DA:70,0
DA:71,0
DA:72,0
DA:73,0
DA:74,0
DA:75,0
DA:76,0
DA:77,0
DA:78,0
DA:79,0
DA:80,0
DA:81,0
DA:82,0
DA:83,0
DA:84,0
DA:85,0
DA:86,0
DA:87,0
DA:88,0
DA:89,0
DA:90,0
DA:91,0
DA:92,0
DA:93,0
DA:94,0
DA:95,0
DA:96,0
DA:97,0
DA:98,0
DA:99,0
DA:100,0
DA:101,0
DA:102,0
DA:103,0
DA:104,0
DA:105,0
DA:106,0
DA:107,0
DA:108,0
DA:109,0
DA:110,0
DA:111,0
DA:112,0
DA:113,0
DA:114,0
DA:115,0
DA:116,0
DA:117,0
DA:118,0
DA:119,0
LF:119
LH:31
BRF:0
BRH:0
end_of_record
TN:
SF:src\filters.js
FN:15,addFilter
FN:34,applyFilter
FNF:2
FNH:2
FNDA:41,addFilter
FNDA:253,applyFilter
DA:1,1
DA:2,1
DA:3,1
DA:4,1
DA:5,1
DA:6,1
DA:7,1
DA:8,1
DA:9,1
DA:10,1
DA:11,1
DA:12,1
DA:13,1
DA:14,1
DA:15,1
DA:16,41
DA:17,0
DA:18,0
DA:19,0
DA:20,0
DA:21,41
DA:22,41
DA:23,41
DA:24,41
DA:25,1
DA:26,1
DA:27,1
DA:28,1
DA:29,1
DA:30,1
DA:31,1
DA:32,1
DA:33,1
DA:34,1
DA:35,253
DA:36,253
DA:37,102
DA:38,0
DA:39,0
DA:40,0
DA:41,102
DA:42,102
DA:43,253
DA:44,253
DA:45,1
DA:46,1
DA:47,1
DA:48,53
DA:49,53
DA:50,53
DA:51,53
DA:52,0
DA:53,0
DA:54,53
DA:55,53
DA:56,53
DA:57,0
DA:58,0
DA:59,53
DA:60,1
DA:61,1
DA:62,1
DA:63,1
DA:64,1
DA:65,1
DA:66,1
DA:67,1
DA:68,1
DA:69,1
DA:70,1
DA:71,1
DA:72,1
DA:73,1
DA:74,1
DA:75,1
DA:76,1
DA:77,0
DA:78,1
DA:79,1
DA:80,1
DA:81,2
DA:82,2
DA:83,0
DA:84,1
DA:85,1
DA:86,1
DA:87,1
DA:88,1
DA:89,1
DA:90,1
DA:91,1
DA:92,1
DA:93,1
DA:94,1
DA:95,1
DA:96,1
DA:97,1
DA:98,1
DA:99,1
DA:100,1
DA:101,1
DA:102,1
DA:103,2
DA:104,1
DA:105,1
DA:106,1
DA:107,1
DA:108,1
DA:109,1
DA:110,1
DA:111,1
DA:112,1
DA:113,1
DA:114,1
DA:115,1
DA:116,1
DA:117,1
DA:118,1
DA:119,1
DA:120,1
DA:121,1
DA:122,1
DA:123,1
DA:124,1
DA:125,1
DA:126,1
DA:127,1
DA:128,1
DA:129,1
DA:130,1
DA:131,1
DA:132,1
DA:133,1
DA:134,1
DA:135,1
DA:136,1
DA:137,1
DA:138,1
DA:139,1
DA:140,1
DA:141,1
DA:142,1
DA:143,1
DA:144,1
DA:145,1
DA:146,1
DA:147,1
DA:148,1
DA:149,1
DA:150,1
DA:151,1
DA:152,1
DA:153,1
DA:154,1
DA:155,1
DA:156,1
DA:157,1
DA:158,1
DA:159,1
DA:160,1
DA:161,1
DA:162,1
DA:163,1
DA:164,1
DA:165,1
DA:166,1
DA:167,1
DA:168,1
DA:169,0
DA:170,1
DA:171,1
DA:172,1
DA:173,1
DA:174,1
DA:175,1
DA:176,1
DA:177,1
DA:178,1
DA:179,0
DA:180,1
DA:181,1
DA:182,1
DA:183,1
DA:184,1
DA:185,1
DA:186,1
DA:187,2
DA:188,2
DA:189,2
DA:190,2
DA:191,2
DA:192,0
DA:193,1
DA:194,1
DA:195,1
DA:196,1
DA:197,1
DA:198,1
DA:199,1
DA:200,1
DA:201,1
DA:202,1
DA:203,1
DA:204,1
DA:205,1
DA:206,0
DA:207,1
DA:208,1
DA:209,1
DA:210,2
DA:211,1
DA:212,2
DA:213,2
DA:214,0
DA:215,1
DA:216,1
DA:217,1
DA:218,1
DA:219,1
DA:220,1
DA:221,1
DA:222,1
DA:223,0
DA:224,1
DA:225,1
DA:226,3
DA:227,2
DA:228,0
DA:229,1
DA:230,1
DA:231,2
DA:232,1
DA:233,0
DA:234,1
DA:235,1
DA:236,1
DA:237,1
DA:238,1
DA:239,1
DA:240,1
DA:241,1
DA:242,2
DA:243,1
DA:244,0
DA:245,1
DA:246,1
DA:247,2
DA:248,2
DA:249,1
DA:250,1
DA:251,0
DA:252,1
DA:253,1
DA:254,1
DA:255,1
DA:256,0
DA:257,1
DA:258,1
DA:259,0
DA:260,1
DA:261,1
DA:262,1
DA:263,1
DA:264,1
DA:265,1
LF:265
LH:240
BRDA:15,0,0,41
BRDA:16,1,0,0
BRDA:34,2,0,253
BRDA:36,3,0,151
BRDA:36,4,0,102
BRDA:37,5,0,0
BRDA:42,6,0,0
BRDA:47,7,0,53
BRDA:51,8,0,0
BRDA:56,9,0,0
BRDA:66,10,0,1
BRDA:67,11,0,0
BRDA:70,12,0,1
BRDA:71,13,0,0
BRDA:74,14,0,1
BRDA:77,15,0,0
BRDA:80,16,0,2
BRDA:83,17,0,0
BRDA:86,18,0,1
BRDA:87,19,0,0
BRDA:90,20,0,1
BRDA:91,21,0,0
BRDA:94,22,0,1
BRDA:95,23,0,0
BRDA:98,24,0,1
BRDA:99,25,0,0
BRDA:102,26,0,2
BRDA:103,27,0,1
BRDA:103,28,0,1
BRDA:106,29,0,1
BRDA:107,30,0,0
BRDA:110,31,0,1
BRDA:111,32,0,0
BRDA:114,33,0,1
BRDA:115,34,0,0
BRDA:118,35,0,1
BRDA:119,36,0,0
BRDA:122,37,0,1
BRDA:123,38,0,0
BRDA:126,39,0,1
BRDA:127,40,0,0
BRDA:130,41,0,1
BRDA:131,42,0,0
BRDA:134,43,0,1
BRDA:135,44,0,0
BRDA:138,45,0,1
BRDA:139,46,0,0
BRDA:146,47,0,1
BRDA:147,48,0,0
BRDA:150,49,0,1
BRDA:151,50,0,0
BRDA:154,51,0,1
BRDA:155,52,0,0
BRDA:158,53,0,1
BRDA:159,54,0,0
BRDA:162,55,0,1
BRDA:163,56,0,0
BRDA:166,57,0,1
BRDA:169,58,0,0
BRDA:172,59,0,1
BRDA:173,60,0,0
BRDA:176,61,0,1
BRDA:179,62,0,0
BRDA:182,63,0,1
BRDA:183,64,0,0
BRDA:186,65,0,2
BRDA:188,66,0,1
BRDA:191,67,0,0
BRDA:194,68,0,1
BRDA:195,69,0,0
BRDA:198,70,0,1
BRDA:206,71,0,0
BRDA:209,72,0,2
BRDA:210,73,0,1
BRDA:211,74,0,0
BRDA:213,75,0,0
BRDA:220,76,0,1
BRDA:223,77,0,0
BRDA:222,78,0,5
BRDA:222,79,0,4
BRDA:225,80,0,3
BRDA:226,81,0,1
BRDA:226,82,0,2
BRDA:227,83,0,0
BRDA:230,84,0,2
BRDA:231,85,0,1
BRDA:232,86,0,0
BRDA:235,87,0,1
BRDA:236,88,0,0
BRDA:236,89,0,0
BRDA:238,90,0,1
BRDA:239,91,0,0
BRDA:239,92,0,2
BRDA:241,93,0,2
BRDA:242,94,0,1
BRDA:243,95,0,0
BRDA:246,96,0,2
BRDA:248,97,0,1
BRDA:250,98,0,0
BRDA:253,99,0,1
BRDA:256,100,0,0
BRDA:258,101,0,0
BRDA:261,102,0,1
BRDA:262,103,0,0
BRF:104
BRH:57
end_of_record
TN:
SF:src\main.js
FN:41,Potion
FN:66,createContainerFromTemplate
FN:113,renderSync
FN:163,potion
FN:168,Object.<anonymous>.potion.render
FNF:5
FNH:2
FNDA:50,Potion
FNDA:0,createContainerFromTemplate
FNDA:0,renderSync
FNDA:50,potion
FNDA:0,Object.<anonymous>.potion.render
DA:1,1
DA:2,1
DA:3,1
DA:4,1
DA:5,1
DA:6,1
DA:7,1
DA:8,1
DA:9,1
DA:10,1
DA:11,1
DA:12,1
DA:13,1
DA:14,1
DA:15,1
DA:16,1
DA:17,1
DA:18,1
DA:19,1
DA:20,1
DA:21,1
DA:22,1
DA:23,1
DA:24,1
DA:25,1
DA:26,1
DA:27,1
DA:28,1
DA:29,0
DA:30,0
DA:31,1
DA:32,1
DA:33,1
DA:34,1
DA:35,1
DA:36,1
DA:37,1
DA:38,1
DA:39,1
DA:40,1
DA:41,50
DA:42,50
DA:43,50
DA:44,50
DA:45,1
DA:46,1
DA:47,1
DA:48,50
DA:49,50
DA:50,0
DA:51,0
DA:52,50
DA:53,50
DA:54,50
DA:55,50
DA:56,50
DA:57,50
DA:58,1
DA:59,1
DA:60,1
DA:61,1
DA:62,1
DA:63,1
DA:64,1
DA:65,1
DA:66,0
DA:67,0
DA:68,0
DA:69,0
DA:70,0
DA:71,0
DA:72,0
DA:73,0
DA:74,0
DA:75,0
DA:76,0
DA:77,0
DA:78,0
DA:79,0
DA:80,0
DA:81,0
DA:82,0
DA:83,0
DA:84,0
DA:85,0
DA:86,0
DA:87,0
DA:88,0
DA:89,0
DA:90,0
DA:91,0
DA:92,0
DA:93,0
DA:94,0
DA:95,0
DA:96,0
DA:97,0
DA:98,0
DA:99,0
DA:100,0
DA:101,0
DA:102,0
DA:103,0
DA:104,0
DA:105,1
DA:106,1
DA:107,1
DA:108,1
DA:109,1
DA:110,1
DA:111,1
DA:112,1
DA:113,0
DA:114,0
DA:115,0
DA:116,0
DA:117,0
DA:118,0
DA:119,0
DA:120,0
DA:121,0
DA:122,0
DA:123,0
DA:124,0
DA:125,0
DA:126,0
DA:127,0
DA:128,0
DA:129,0
DA:130,0
DA:131,0
DA:132,0
DA:133,0
DA:134,0
DA:135,0
DA:136,0
DA:137,0
DA:138,0
DA:139,0
DA:140,0
DA:141,0
DA:142,0
DA:143,0
DA:144,0
DA:145,0
DA:146,0
DA:147,0
DA:148,0
DA:149,0
DA:150,0
DA:151,0
DA:152,0
DA:153,0
DA:154,0
DA:155,1
DA:156,1
DA:157,1
DA:158,1
DA:159,1
DA:160,1
DA:161,1
DA:162,1
DA:163,50
DA:164,50
DA:165,50
DA:166,1
DA:167,1
DA:168,1
DA:169,0
DA:170,0
DA:171,0
DA:172,0
DA:173,0
DA:174,0
DA:175,0
DA:176,0
DA:177,0
DA:178,1
DA:179,1
DA:180,1
DA:181,1
DA:182,1
LF:182
LH:88
BRDA:41,0,0,50
BRDA:44,1,0,1
BRDA:49,2,0,0
BRDA:163,3,0,50
BRF:4
BRH:3
end_of_record
TN:
SF:src\parser.js
FN:22,tokenizeTemplate
FN:66,getTokens
FN:76,protectNestedTemplates
FN:91,restoreNestedTemplates
FN:102,safeSubstitute
FN:113,parseFilterArguments
FN:148,substitute
FN:289,renderIteration
FNF:8
FNH:7
FNDA:50,tokenizeTemplate
FNDA:53,getTokens
FNDA:50,protectNestedTemplates
FNDA:50,restoreNestedTemplates
FNDA:50,safeSubstitute
FNDA:23,parseFilterArguments
FNDA:53,substitute
FNDA:0,renderIteration
DA:1,1
DA:2,1
DA:3,1
DA:4,1
DA:5,1
DA:6,1
DA:7,1
DA:8,1
DA:9,1
DA:10,1
DA:11,1
DA:12,1
DA:13,1
DA:14,1
DA:15,1
DA:16,1
DA:17,1
DA:18,1
DA:19,1
DA:20,1
DA:21,1
DA:22,50
DA:23,50
DA:24,50
DA:25,50
DA:26,50
DA:27,50
DA:28,50
DA:29,50
DA:30,50
DA:31,50
DA:32,50
DA:33,50
DA:34,52
DA:35,52
DA:36,0
DA:37,0
DA:38,0
DA:39,0
DA:40,0
DA:41,52
DA:42,52
DA:43,52
DA:44,52
DA:45,52
DA:46,52
DA:47,52
DA:48,52
DA:49,50
DA:50,50
DA:51,0
DA:52,0
DA:53,0
DA:54,0
DA:55,0
DA:56,50
DA:57,50
DA:58,1
DA:59,1
DA:60,1
DA:61,1
DA:62,1
DA:63,1
DA:64,1
DA:65,1
DA:66,53
DA:67,53
DA:68,3
DA:69,3
DA:70,50
DA:71,50
DA:72,50
DA:73,50
DA:74,1
DA:75,1
DA:76,50
DA:77,50
DA:78,50
DA:79,50
DA:80,50
DA:81,50
DA:82,0
DA:83,0
DA:84,0
DA:85,0
DA:86,50
DA:87,50
DA:88,50
DA:89,1
DA:90,1
DA:91,50
DA:92,50
DA:93,0
DA:94,0
DA:95,0
DA:96,0
DA:97,0
DA:98,50
DA:99,50
DA:100,1
DA:101,1
DA:102,1
DA:103,50
DA:104,50
DA:105,50
DA:106,50
DA:107,50
DA:108,50
DA:109,50
DA:110,50
DA:111,50
DA:112,1
DA:113,23
DA:114,23
DA:115,23
DA:116,23
DA:117,23
DA:118,23
DA:119,23
DA:120,23
DA:121,23
DA:122,23
DA:123,23
DA:124,23
DA:125,28
DA:126,3
DA:127,3
DA:128,28
DA:129,11
DA:130,11
DA:131,25
DA:132,14
DA:133,14
DA:134,14
DA:135,28
DA:136,23
DA:137,23
DA:138,1
DA:139,1
DA:140,1
DA:141,1
DA:142,1
DA:143,1
DA:144,1
DA:145,1
DA:146,1
DA:147,1
DA:148,1
DA:149,53
DA:150,53
DA:151,53
DA:152,53
DA:153,53
DA:154,53
DA:155,53
DA:156,53
DA:157,0
DA:158,0
DA:159,53
DA:160,53
DA:161,53
DA:162,0
DA:163,0
DA:164,0
DA:165,53
DA:166,53
DA:167,53
DA:168,53
DA:169,53
DA:170,53
DA:171,53
DA:172,53
DA:173,53
DA:174,53
DA:175,2
DA:176,2
DA:177,2
DA:178,2
DA:179,2
DA:180,1
DA:181,2
DA:182,1
DA:183,1
DA:184,1
DA:185,1
DA:186,1
DA:187,1
DA:188,53
DA:189,53
DA:190,53
DA:191,53
DA:192,53
DA:193,53
DA:194,0
DA:195,0
DA:196,0
DA:197,53
DA:198,53
DA:199,53
DA:200,49
DA:201,49
DA:202,49
DA:203,49
DA:204,23
DA:205,23
DA:206,23
DA:207,23
DA:208,23
DA:209,49
DA:210,49
DA:211,49
DA:212,49
DA:213,49
DA:214,49
DA:215,49
DA:216,49
DA:217,53
DA:218,53
DA:219,1
DA:220,1
DA:221,1
DA:222,1
DA:223,0
DA:224,1
DA:225,1
DA:226,1
DA:227,1
DA:228,1
DA:229,1
DA:230,1
DA:231,0
DA:232,0
DA:233,0
DA:234,1
DA:235,1
DA:236,1
DA:237,3
DA:238,3
DA:239,3
DA:240,3
DA:241,3
DA:242,3
DA:243,3
DA:244,3
DA:245,3
DA:246,3
DA:247,3
DA:248,3
DA:249,3
DA:250,3
DA:251,3
DA:252,3
DA:253,3
DA:254,3
DA:255,3
DA:256,3
DA:257,3
DA:258,3
DA:259,3
DA:260,1
DA:261,0
DA:262,0
DA:263,1
DA:264,53
DA:265,52
DA:266,52
DA:267,52
DA:268,52
DA:269,53
DA:270,53
DA:271,53
DA:272,53
DA:273,1
DA:274,1
DA:275,1
DA:276,1
DA:277,1
DA:278,1
DA:279,1
DA:280,1
DA:281,1
DA:282,1
DA:283,1
DA:284,1
DA:285,1
DA:286,1
DA:287,1
DA:288,1
DA:289,1
DA:290,0
DA:291,0
DA:292,0
DA:293,0
LF:293
LH:256
BRDA:22,0,0,50
BRDA:33,1,0,52
BRDA:35,2,0,0
BRDA:50,3,0,0
BRDA:66,4,0,53
BRDA:67,5,0,3
BRDA:69,6,0,50
BRDA:76,7,0,50
BRDA:91,8,0,50
BRDA:92,9,0,0
BRDA:102,10,0,50
BRDA:113,11,0,23
BRDA:124,12,0,28
BRDA:125,13,0,3
BRDA:128,14,0,25
BRDA:128,15,0,11
BRDA:131,16,0,14
BRDA:148,17,0,53
BRDA:156,18,0,0
BRDA:161,19,0,0
BRDA:174,20,0,2
BRDA:179,21,0,1
BRDA:181,22,0,1
BRDA:193,23,0,0
BRDA:199,24,0,49
BRDA:203,25,0,23
BRDA:218,26,0,1
BRDA:230,27,0,0
BRDA:236,28,0,3
BRDA:260,29,0,0
BRDA:264,30,0,52
BRDA:167,31,0,102
BRDA:221,32,0,1
BRDA:223,33,0,0
BRDA:224,34,0,0
BRF:35
BRH:25
end_of_record
TN:
SF:src\reactivity.js
FN:21,deepProxy
FNF:1
FNH:0
FNDA:0,deepProxy
DA:1,1
DA:2,1
DA:3,1
DA:4,1
DA:5,1
DA:6,1
DA:7,1
DA:8,1
DA:9,1
DA:10,1
DA:11,1
DA:12,1
DA:13,1
DA:14,1
DA:15,1
DA:16,1
DA:17,1
DA:18,1
DA:19,1
DA:20,1
DA:21,1
DA:22,0
DA:23,0
DA:24,0
DA:25,0
DA:26,0
DA:27,0
DA:28,0
DA:29,0
DA:30,0
DA:31,0
DA:32,0
DA:33,0
DA:34,0
DA:35,0
DA:36,0
DA:37,0
DA:38,0
DA:39,0
DA:40,0
DA:41,0
DA:42,0
DA:43,0
DA:44,0
DA:45,0
DA:46,0
DA:47,0
DA:48,0
DA:49,0
DA:50,0
DA:51,0
DA:52,0
DA:53,0
LF:53
LH:21
BRF:0
BRH:0
end_of_record
TN:
SF:src\store.js
FN:20,extendStore
FNF:1
FNH:1
FNDA:50,extendStore
DA:1,1
DA:2,1
DA:3,1
DA:4,1
DA:5,1
DA:6,1
DA:7,1
DA:8,1
DA:9,1
DA:10,1
DA:11,1
DA:12,1
DA:13,1
DA:14,1
DA:15,1
DA:16,1
DA:17,1
DA:18,1
DA:19,1
DA:20,1
DA:21,50
DA:22,50
LF:22
LH:22
BRDA:1,0,0,0
BRDA:20,1,0,50
BRF:2
BRH:1
end_of_record
TN:
SF:src\utils.js
FN:10,escapeRegex
FN:22,debounce
FN:36,isValidHTMLElement
FN:52,evaluateExpression
FNF:4
FNH:1
FNDA:100,escapeRegex
FNDA:0,debounce
FNDA:0,isValidHTMLElement
FNDA:0,evaluateExpression
DA:1,1
DA:2,1
DA:3,1
DA:4,1
DA:5,1
DA:6,1
DA:7,1
DA:8,1
DA:9,1
DA:10,1
DA:11,100
DA:12,100
DA:13,1
DA:14,1
DA:15,1
DA:16,1
DA:17,1
DA:18,1
DA:19,1
DA:20,1
DA:21,1
DA:22,1
DA:23,0
DA:24,0
DA:25,0
DA:26,0
DA:27,0
DA:28,0
DA:29,1
DA:30,1
DA:31,1
DA:32,1
DA:33,1
DA:34,1
DA:35,1
DA:36,1
DA:37,0
DA:38,0
DA:39,0
DA:40,1
DA:41,1
DA:42,1
DA:43,1
DA:44,1
DA:45,1
DA:46,1
DA:47,1
DA:48,1
DA:49,1
DA:50,1
DA:51,1
DA:52,1
DA:53,0
DA:54,0
DA:55,0
DA:56,0
DA:57,0
DA:58,0
DA:59,0
DA:60,0
DA:61,0
DA:62,0
DA:63,0
DA:64,0
DA:65,0
DA:66,0
DA:67,0
DA:68,0
DA:69,0
DA:70,0
DA:71,0
DA:72,0
DA:73,0
DA:74,0
DA:75,0
DA:76,0
DA:77,0
DA:78,0
DA:79,0
DA:80,0
DA:81,0
DA:82,0
DA:83,0
DA:84,0
DA:85,0
DA:86,0
DA:87,0
LF:87
LH:43
BRDA:10,0,0,100
BRF:1
BRH:1
end_of_record
