TN:
SF:src\dom.js
FN:11,registerRefs
FN:30,diffNodes
FN:78,updateDOM
FNF:3
FNH:0
FNDA:0,registerRefs
FNDA:0,diffNodes
FNDA:0,updateDOM
DA:1,1
DA:2,1
DA:3,1
DA:4,1
DA:5,1
DA:6,1
DA:7,1
DA:8,1
DA:9,1
DA:10,1
DA:11,1
DA:12,0
DA:13,0
DA:14,0
DA:15,0
DA:16,0
DA:17,0
DA:18,0
DA:19,0
DA:20,0
DA:21,0
DA:22,0
DA:23,1
DA:24,1
DA:25,1
DA:26,1
DA:27,1
DA:28,1
DA:29,1
DA:30,0
DA:31,0
DA:32,0
DA:33,0
DA:34,0
DA:35,0
DA:36,0
DA:37,0
DA:38,0
DA:39,0
DA:40,0
DA:41,0
DA:42,0
DA:43,0
DA:44,0
DA:45,0
DA:46,0
DA:47,0
DA:48,0
DA:49,0
DA:50,0
DA:51,0
DA:52,0
DA:53,0
DA:54,0
DA:55,0
DA:56,0
DA:57,0
DA:58,0
DA:59,0
DA:60,0
DA:61,0
DA:62,0
DA:63,0
DA:64,0
DA:65,0
DA:66,0
DA:67,0
DA:68,0
DA:69,0
DA:70,0
DA:71,1
DA:72,1
DA:73,1
DA:74,1
DA:75,1
DA:76,1
DA:77,1
DA:78,1
DA:79,0
DA:80,0
DA:81,0
DA:82,0
DA:83,0
DA:84,0
DA:85,0
DA:86,0
DA:87,0
DA:88,0
DA:89,0
DA:90,0
DA:91,0
DA:92,0
DA:93,0
DA:94,0
LF:94
LH:26
BRF:0
BRH:0
end_of_record
TN:
SF:src\events.js
FN:14,getLocalContext
FN:36,parseEventArgs
FN:50,bindEvents
FNF:3
FNH:0
FNDA:0,getLocalContext
FNDA:0,parseEventArgs
FNDA:0,bindEvents
DA:1,1
DA:2,1
DA:3,1
DA:4,1
DA:5,1
DA:6,1
DA:7,1
DA:8,1
DA:9,1
DA:10,1
DA:11,1
DA:12,1
DA:13,1
DA:14,1
DA:15,0
DA:16,0
DA:17,0
DA:18,0
DA:19,0
DA:20,0
DA:21,0
DA:22,0
DA:23,0
DA:24,0
DA:25,0
DA:26,0
DA:27,0
DA:28,1
DA:29,1
DA:30,1
DA:31,1
DA:32,1
DA:33,1
DA:34,1
DA:35,1
DA:36,1
DA:37,0
DA:38,0
DA:39,0
DA:40,0
DA:41,0
DA:42,0
DA:43,1
DA:44,1
DA:45,1
DA:46,1
DA:47,1
DA:48,1
DA:49,1
DA:50,1
DA:51,0
DA:52,0
DA:53,0
DA:54,0
DA:55,0
DA:56,0
DA:57,0
DA:58,0
DA:59,0
DA:60,0
DA:61,0
DA:62,0
DA:63,0
DA:64,0
DA:65,0
DA:66,0
DA:67,0
DA:68,0
DA:69,0
DA:70,0
DA:71,0
DA:72,0
DA:73,0
DA:74,0
DA:75,0
DA:76,0
DA:77,0
DA:78,0
DA:79,0
DA:80,0
DA:81,0
DA:82,0
DA:83,0
DA:84,0
DA:85,0
DA:86,0
DA:87,0
DA:88,0
DA:89,0
DA:90,0
DA:91,0
DA:92,0
DA:93,0
DA:94,0
DA:95,0
DA:96,0
DA:97,0
DA:98,0
DA:99,0
DA:100,0
DA:101,0
DA:102,0
DA:103,0
DA:104,0
DA:105,0
DA:106,0
DA:107,0
DA:108,0
DA:109,0
DA:110,0
DA:111,0
DA:112,0
DA:113,0
DA:114,0
DA:115,0
DA:116,0
DA:117,0
DA:118,0
DA:119,0
LF:119
LH:31
BRF:0
BRH:0
end_of_record
TN:
SF:src\filters.js
FN:15,addFilter
FN:34,applyFilter
FNF:2
FNH:2
FNDA:21,addFilter
FNDA:123,applyFilter
DA:1,1
DA:2,1
DA:3,1
DA:4,1
DA:5,1
DA:6,1
DA:7,1
DA:8,1
DA:9,1
DA:10,1
DA:11,1
DA:12,1
DA:13,1
DA:14,1
DA:15,1
DA:16,21
DA:17,0
DA:18,0
DA:19,0
DA:20,0
DA:21,21
DA:22,21
DA:23,21
DA:24,21
DA:25,1
DA:26,1
DA:27,1
DA:28,1
DA:29,1
DA:30,1
DA:31,1
DA:32,1
DA:33,1
DA:34,1
DA:35,123
DA:36,123
DA:37,50
DA:38,0
DA:39,0
DA:40,0
DA:41,50
DA:42,50
DA:43,123
DA:44,123
DA:45,1
DA:46,1
DA:47,1
DA:48,27
DA:49,27
DA:50,27
DA:51,27
DA:52,0
DA:53,0
DA:54,27
DA:55,27
DA:56,27
DA:57,0
DA:58,0
DA:59,27
DA:60,1
DA:61,1
DA:62,1
DA:63,1
DA:64,1
DA:65,1
DA:66,1
DA:67,1
DA:68,1
DA:69,1
DA:70,1
DA:71,1
DA:72,1
DA:73,1
DA:74,1
DA:75,1
DA:76,1
DA:77,0
DA:78,1
DA:79,1
DA:80,1
DA:81,2
DA:82,2
DA:83,0
DA:84,1
DA:85,1
DA:86,1
DA:87,1
DA:88,1
DA:89,1
DA:90,1
DA:91,1
DA:92,1
DA:93,1
DA:94,1
DA:95,1
DA:96,1
DA:97,1
DA:98,1
DA:99,2
DA:100,1
DA:101,1
DA:102,1
DA:103,1
DA:104,1
DA:105,1
DA:106,1
DA:107,1
DA:108,1
DA:109,1
DA:110,1
DA:111,1
DA:112,1
DA:113,1
DA:114,1
DA:115,1
DA:116,1
DA:117,1
DA:118,1
DA:119,1
DA:120,1
DA:121,1
DA:122,1
DA:123,1
DA:124,1
DA:125,1
DA:126,1
DA:127,1
DA:128,1
DA:129,0
DA:130,1
DA:131,1
DA:132,1
DA:133,1
DA:134,1
DA:135,1
DA:136,1
DA:137,1
DA:138,1
DA:139,1
DA:140,0
DA:141,1
DA:142,1
DA:143,1
DA:144,1
DA:145,1
DA:146,1
DA:147,1
DA:148,1
DA:149,0
DA:150,1
DA:151,1
DA:152,2
DA:153,1
DA:154,0
DA:155,1
DA:156,1
DA:157,1
DA:158,0
DA:159,0
DA:160,1
DA:161,1
DA:162,1
DA:163,1
DA:164,1
DA:165,1
DA:166,1
DA:167,1
DA:168,1
LF:168
LH:149
BRDA:15,0,0,21
BRDA:16,1,0,0
BRDA:34,2,0,123
BRDA:36,3,0,73
BRDA:36,4,0,50
BRDA:37,5,0,0
BRDA:42,6,0,0
BRDA:47,7,0,27
BRDA:51,8,0,0
BRDA:56,9,0,0
BRDA:66,10,0,1
BRDA:67,11,0,0
BRDA:70,12,0,1
BRDA:71,13,0,0
BRDA:74,14,0,1
BRDA:77,15,0,0
BRDA:80,16,0,2
BRDA:83,17,0,0
BRDA:86,18,0,1
BRDA:87,19,0,0
BRDA:90,20,0,1
BRDA:91,21,0,0
BRDA:94,22,0,1
BRDA:95,23,0,0
BRDA:98,24,0,2
BRDA:99,25,0,1
BRDA:99,26,0,1
BRDA:106,27,0,1
BRDA:107,28,0,0
BRDA:110,29,0,1
BRDA:111,30,0,0
BRDA:114,31,0,1
BRDA:115,32,0,0
BRDA:118,33,0,1
BRDA:119,34,0,0
BRDA:122,35,0,1
BRDA:123,36,0,0
BRDA:126,37,0,1
BRDA:129,38,0,0
BRDA:132,39,0,1
BRDA:140,40,0,0
BRDA:146,41,0,1
BRDA:149,42,0,0
BRDA:148,43,0,5
BRDA:148,44,0,4
BRDA:151,45,0,2
BRDA:152,46,0,1
BRDA:153,47,0,0
BRDA:156,48,0,1
BRDA:157,49,0,0
BRDA:161,50,0,1
BRDA:162,51,0,0
BRDA:162,52,0,0
BRDA:164,53,0,1
BRDA:165,54,0,0
BRDA:165,55,0,2
BRF:56
BRH:31
end_of_record
TN:
SF:src\main.js
FN:41,Potion
FN:66,createContainerFromTemplate
FN:113,renderSync
FN:163,potion
FN:168,Object.<anonymous>.potion.render
FNF:5
FNH:2
FNDA:24,Potion
FNDA:0,createContainerFromTemplate
FNDA:0,renderSync
FNDA:24,potion
FNDA:0,Object.<anonymous>.potion.render
DA:1,1
DA:2,1
DA:3,1
DA:4,1
DA:5,1
DA:6,1
DA:7,1
DA:8,1
DA:9,1
DA:10,1
DA:11,1
DA:12,1
DA:13,1
DA:14,1
DA:15,1
DA:16,1
DA:17,1
DA:18,1
DA:19,1
DA:20,1
DA:21,1
DA:22,1
DA:23,1
DA:24,1
DA:25,1
DA:26,1
DA:27,1
DA:28,1
DA:29,0
DA:30,0
DA:31,1
DA:32,1
DA:33,1
DA:34,1
DA:35,1
DA:36,1
DA:37,1
DA:38,1
DA:39,1
DA:40,1
DA:41,24
DA:42,24
DA:43,24
DA:44,24
DA:45,1
DA:46,1
DA:47,1
DA:48,24
DA:49,24
DA:50,0
DA:51,0
DA:52,24
DA:53,24
DA:54,24
DA:55,24
DA:56,24
DA:57,24
DA:58,1
DA:59,1
DA:60,1
DA:61,1
DA:62,1
DA:63,1
DA:64,1
DA:65,1
DA:66,0
DA:67,0
DA:68,0
DA:69,0
DA:70,0
DA:71,0
DA:72,0
DA:73,0
DA:74,0
DA:75,0
DA:76,0
DA:77,0
DA:78,0
DA:79,0
DA:80,0
DA:81,0
DA:82,0
DA:83,0
DA:84,0
DA:85,0
DA:86,0
DA:87,0
DA:88,0
DA:89,0
DA:90,0
DA:91,0
DA:92,0
DA:93,0
DA:94,0
DA:95,0
DA:96,0
DA:97,0
DA:98,0
DA:99,0
DA:100,0
DA:101,0
DA:102,0
DA:103,0
DA:104,0
DA:105,1
DA:106,1
DA:107,1
DA:108,1
DA:109,1
DA:110,1
DA:111,1
DA:112,1
DA:113,0
DA:114,0
DA:115,0
DA:116,0
DA:117,0
DA:118,0
DA:119,0
DA:120,0
DA:121,0
DA:122,0
DA:123,0
DA:124,0
DA:125,0
DA:126,0
DA:127,0
DA:128,0
DA:129,0
DA:130,0
DA:131,0
DA:132,0
DA:133,0
DA:134,0
DA:135,0
DA:136,0
DA:137,0
DA:138,0
DA:139,0
DA:140,0
DA:141,0
DA:142,0
DA:143,0
DA:144,0
DA:145,0
DA:146,0
DA:147,0
DA:148,0
DA:149,0
DA:150,0
DA:151,0
DA:152,0
DA:153,0
DA:154,0
DA:155,1
DA:156,1
DA:157,1
DA:158,1
DA:159,1
DA:160,1
DA:161,1
DA:162,1
DA:163,24
DA:164,24
DA:165,24
DA:166,1
DA:167,1
DA:168,1
DA:169,0
DA:170,0
DA:171,0
DA:172,0
DA:173,0
DA:174,0
DA:175,0
DA:176,0
DA:177,0
DA:178,1
DA:179,1
DA:180,1
DA:181,1
DA:182,1
LF:182
LH:88
BRDA:41,0,0,24
BRDA:44,1,0,1
BRDA:49,2,0,0
BRDA:163,3,0,24
BRF:4
BRH:3
end_of_record
TN:
SF:src\parser.js
FN:22,tokenizeTemplate
FN:66,getTokens
FN:76,protectNestedTemplates
FN:91,restoreNestedTemplates
FN:102,safeSubstitute
FN:113,parseFilterArguments
FN:148,substitute
FN:289,renderIteration
FNF:8
FNH:7
FNDA:25,tokenizeTemplate
FNDA:27,getTokens
FNDA:24,protectNestedTemplates
FNDA:24,restoreNestedTemplates
FNDA:24,safeSubstitute
FNDA:10,parseFilterArguments
FNDA:27,substitute
FNDA:0,renderIteration
DA:1,1
DA:2,1
DA:3,1
DA:4,1
DA:5,1
DA:6,1
DA:7,1
DA:8,1
DA:9,1
DA:10,1
DA:11,1
DA:12,1
DA:13,1
DA:14,1
DA:15,1
DA:16,1
DA:17,1
DA:18,1
DA:19,1
DA:20,1
DA:21,1
DA:22,25
DA:23,25
DA:24,25
DA:25,25
DA:26,25
DA:27,25
DA:28,25
DA:29,25
DA:30,25
DA:31,25
DA:32,25
DA:33,25
DA:34,27
DA:35,27
DA:36,0
DA:37,0
DA:38,0
DA:39,0
DA:40,0
DA:41,27
DA:42,27
DA:43,27
DA:44,27
DA:45,27
DA:46,27
DA:47,27
DA:48,27
DA:49,25
DA:50,25
DA:51,0
DA:52,0
DA:53,0
DA:54,0
DA:55,0
DA:56,25
DA:57,25
DA:58,1
DA:59,1
DA:60,1
DA:61,1
DA:62,1
DA:63,1
DA:64,1
DA:65,1
DA:66,27
DA:67,27
DA:68,2
DA:69,2
DA:70,25
DA:71,25
DA:72,25
DA:73,25
DA:74,1
DA:75,1
DA:76,24
DA:77,24
DA:78,24
DA:79,24
DA:80,24
DA:81,24
DA:82,0
DA:83,0
DA:84,0
DA:85,0
DA:86,24
DA:87,24
DA:88,24
DA:89,1
DA:90,1
DA:91,24
DA:92,24
DA:93,0
DA:94,0
DA:95,0
DA:96,0
DA:97,0
DA:98,24
DA:99,24
DA:100,1
DA:101,1
DA:102,1
DA:103,24
DA:104,24
DA:105,24
DA:106,24
DA:107,24
DA:108,24
DA:109,24
DA:110,24
DA:111,24
DA:112,1
DA:113,10
DA:114,10
DA:115,10
DA:116,10
DA:117,10
DA:118,10
DA:119,10
DA:120,10
DA:121,10
DA:122,10
DA:123,10
DA:124,10
DA:125,11
DA:126,2
DA:127,2
DA:128,11
DA:129,4
DA:130,4
DA:131,9
DA:132,5
DA:133,5
DA:134,5
DA:135,11
DA:136,10
DA:137,10
DA:138,1
DA:139,1
DA:140,1
DA:141,1
DA:142,1
DA:143,1
DA:144,1
DA:145,1
DA:146,1
DA:147,1
DA:148,1
DA:149,27
DA:150,27
DA:151,27
DA:152,27
DA:153,27
DA:154,27
DA:155,27
DA:156,27
DA:157,0
DA:158,0
DA:159,27
DA:160,27
DA:161,27
DA:162,0
DA:163,0
DA:164,0
DA:165,27
DA:166,27
DA:167,27
DA:168,27
DA:169,27
DA:170,27
DA:171,27
DA:172,27
DA:173,27
DA:174,27
DA:175,2
DA:176,2
DA:177,2
DA:178,2
DA:179,2
DA:180,1
DA:181,2
DA:182,1
DA:183,1
DA:184,1
DA:185,1
DA:186,1
DA:187,1
DA:188,27
DA:189,27
DA:190,27
DA:191,27
DA:192,27
DA:193,27
DA:194,0
DA:195,0
DA:196,0
DA:197,27
DA:198,27
DA:199,27
DA:200,23
DA:201,23
DA:202,23
DA:203,23
DA:204,10
DA:205,10
DA:206,10
DA:207,10
DA:208,10
DA:209,23
DA:210,23
DA:211,23
DA:212,23
DA:213,23
DA:214,23
DA:215,23
DA:216,23
DA:217,27
DA:218,27
DA:219,1
DA:220,1
DA:221,1
DA:222,1
DA:223,0
DA:224,1
DA:225,1
DA:226,1
DA:227,1
DA:228,1
DA:229,1
DA:230,1
DA:231,0
DA:232,0
DA:233,0
DA:234,1
DA:235,1
DA:236,1
DA:237,3
DA:238,3
DA:239,3
DA:240,3
DA:241,3
DA:242,3
DA:243,3
DA:244,3
DA:245,3
DA:246,3
DA:247,3
DA:248,3
DA:249,3
DA:250,3
DA:251,3
DA:252,3
DA:253,3
DA:254,3
DA:255,3
DA:256,3
DA:257,3
DA:258,3
DA:259,3
DA:260,1
DA:261,0
DA:262,0
DA:263,1
DA:264,27
DA:265,26
DA:266,26
DA:267,26
DA:268,26
DA:269,27
DA:270,27
DA:271,27
DA:272,27
DA:273,1
DA:274,1
DA:275,1
DA:276,1
DA:277,1
DA:278,1
DA:279,1
DA:280,1
DA:281,1
DA:282,1
DA:283,1
DA:284,1
DA:285,1
DA:286,1
DA:287,1
DA:288,1
DA:289,1
DA:290,0
DA:291,0
DA:292,0
DA:293,0
LF:293
LH:256
BRDA:22,0,0,25
BRDA:33,1,0,27
BRDA:35,2,0,0
BRDA:50,3,0,0
BRDA:66,4,0,27
BRDA:67,5,0,2
BRDA:69,6,0,25
BRDA:76,7,0,24
BRDA:91,8,0,24
BRDA:92,9,0,0
BRDA:102,10,0,24
BRDA:113,11,0,10
BRDA:124,12,0,11
BRDA:125,13,0,2
BRDA:128,14,0,9
BRDA:128,15,0,4
BRDA:131,16,0,5
BRDA:148,17,0,27
BRDA:156,18,0,0
BRDA:161,19,0,0
BRDA:174,20,0,2
BRDA:179,21,0,1
BRDA:181,22,0,1
BRDA:193,23,0,0
BRDA:199,24,0,23
BRDA:203,25,0,10
BRDA:218,26,0,1
BRDA:230,27,0,0
BRDA:236,28,0,3
BRDA:260,29,0,0
BRDA:264,30,0,26
BRDA:167,31,0,50
BRDA:221,32,0,1
BRDA:223,33,0,0
BRDA:224,34,0,0
BRF:35
BRH:25
end_of_record
TN:
SF:src\reactivity.js
FN:21,deepProxy
FNF:1
FNH:0
FNDA:0,deepProxy
DA:1,1
DA:2,1
DA:3,1
DA:4,1
DA:5,1
DA:6,1
DA:7,1
DA:8,1
DA:9,1
DA:10,1
DA:11,1
DA:12,1
DA:13,1
DA:14,1
DA:15,1
DA:16,1
DA:17,1
DA:18,1
DA:19,1
DA:20,1
DA:21,1
DA:22,0
DA:23,0
DA:24,0
DA:25,0
DA:26,0
DA:27,0
DA:28,0
DA:29,0
DA:30,0
DA:31,0
DA:32,0
DA:33,0
DA:34,0
DA:35,0
DA:36,0
DA:37,0
DA:38,0
DA:39,0
DA:40,0
DA:41,0
DA:42,0
DA:43,0
DA:44,0
DA:45,0
DA:46,0
DA:47,0
DA:48,0
DA:49,0
DA:50,0
DA:51,0
DA:52,0
DA:53,0
LF:53
LH:21
BRF:0
BRH:0
end_of_record
TN:
SF:src\store.js
FN:20,extendStore
FNF:1
FNH:1
FNDA:24,extendStore
DA:1,1
DA:2,1
DA:3,1
DA:4,1
DA:5,1
DA:6,1
DA:7,1
DA:8,1
DA:9,1
DA:10,1
DA:11,1
DA:12,1
DA:13,1
DA:14,1
DA:15,1
DA:16,1
DA:17,1
DA:18,1
DA:19,1
DA:20,1
DA:21,24
DA:22,24
LF:22
LH:22
BRDA:1,0,0,0
BRDA:20,1,0,24
BRF:2
BRH:1
end_of_record
TN:
SF:src\utils.js
FN:10,escapeRegex
FN:22,debounce
FN:36,isValidHTMLElement
FN:52,evaluateExpression
FNF:4
FNH:1
FNDA:50,escapeRegex
FNDA:0,debounce
FNDA:0,isValidHTMLElement
FNDA:0,evaluateExpression
DA:1,1
DA:2,1
DA:3,1
DA:4,1
DA:5,1
DA:6,1
DA:7,1
DA:8,1
DA:9,1
DA:10,1
DA:11,50
DA:12,50
DA:13,1
DA:14,1
DA:15,1
DA:16,1
DA:17,1
DA:18,1
DA:19,1
DA:20,1
DA:21,1
DA:22,1
DA:23,0
DA:24,0
DA:25,0
DA:26,0
DA:27,0
DA:28,0
DA:29,1
DA:30,1
DA:31,1
DA:32,1
DA:33,1
DA:34,1
DA:35,1
DA:36,1
DA:37,0
DA:38,0
DA:39,0
DA:40,1
DA:41,1
DA:42,1
DA:43,1
DA:44,1
DA:45,1
DA:46,1
DA:47,1
DA:48,1
DA:49,1
DA:50,1
DA:51,1
DA:52,1
DA:53,0
DA:54,0
DA:55,0
DA:56,0
DA:57,0
DA:58,0
DA:59,0
DA:60,0
DA:61,0
DA:62,0
DA:63,0
DA:64,0
DA:65,0
DA:66,0
DA:67,0
DA:68,0
DA:69,0
DA:70,0
DA:71,0
DA:72,0
DA:73,0
DA:74,0
DA:75,0
DA:76,0
DA:77,0
DA:78,0
DA:79,0
DA:80,0
DA:81,0
DA:82,0
DA:83,0
DA:84,0
DA:85,0
DA:86,0
DA:87,0
LF:87
LH:43
BRDA:10,0,0,50
BRF:1
BRH:1
end_of_record
